[LOG] SystemI::init                            : FMOD Studio Version: 00010800 (73592)
[LOG] SystemI::init                            : maxchannels = 128, flags = 00030000, extradriverdata = 0000000000000000
[LOG] SystemI::close                           : 
[LOG] SystemI::close                           : Stop all sounds
[LOG] SystemI::close                           : done.

[LOG] OutputWASAPI::init                       : Mix Format (WAVEFORMATEX): wFormatTag=0xFFFE, nChannels=2, nSamplesPerSec=48000, nAvgBytesPerSec=384000, nBlockAlign=8, wBitsPerSample=32, cbSize=22.
[LOG] OutputWASAPI::init                       : Mix Format (WAVEFORMATEXTENSIBLE): wValidBitsPerSample=32, dwChannelMask=0x00000003, SubFormat=00000003-0000-0010-8000-00AA00389B71.
[LOG] OutputWASAPI::init                       : Output buffer size: 4096 samples, latency: 0.00ms, period: 10.00ms, DSP buffer: 1024 * 4
[LOG] Thread::initThread                       : Initializing FMOD mixer thread.  priority 3
[LOG] Thread::initThread                       : - Stacksize 49152.  Stack pointer 0000000000000000 : usesemaphore = 0 : sleeptime = 0
[LOG] Thread::callback                         : * FMOD mixer thread started
[LOG] SystemI::init                            : Set up emulated output
[LOG] SystemI::init                            : create the channel pool
[LOG] Thread::initThread                       : Initializing FMOD stream thread.  priority 2
[LOG] Thread::initThread                       : - Stacksize 65536.  Stack pointer 0000000000000000 : usesemaphore = 0 : sleeptime = 10
[LOG] Thread::callback                         : * FMOD stream thread started
[LOG] Thread::initThread                       : Initializing FMOD Studio update thread.  priority 0
[LOG] Thread::initThread                       : - Stacksize 65536.  Stack pointer 0000000000000000 : usesemaphore = 0 : sleeptime = 1
[LOG] Thread::callback                         : * FMOD Studio update thread started
[LOG] Thread::initThread                       : Initializing FMOD Studio sample load thread.  priority 0
[LOG] Thread::initThread                       : - Stacksize 65536.  Stack pointer 0000000000000000 : usesemaphore = 0 : sleeptime = 1
[LOG] Thread::callback                         : * FMOD Studio sample load thread started
[LOG] LiveUpdate::init                         : 
[LOG] Thread::initThread                       : Initializing FMOD Studio bank load thread.  priority 0
[LOG] Thread::initThread                       : - Stacksize 65536.  Stack pointer 0000000000000000 : usesemaphore = 0 : sleeptime = 1
[LOG] Thread::callback                         : * FMOD Studio bank load thread started
[LOG] Profile::init                            : Profiler listening on port: 9264
[LOG] Manager::readBank                        : fileversion = 68, compatVersion = 68 (oldest = 44, newest = 72)
[LOG] Manager::readBank                        : fileversion = 68, compatVersion = 68 (oldest = 44, newest = 72)
[LOG] Manager::readBank                        : fileversion = 68, compatVersion = 68 (oldest = 44, newest = 72)
[LOG] SystemI::createSoundInternal             : filename =  : mode 0a000202
[LOG] SystemI::createSoundInternal             : exinfo->cbsize             = 232
[LOG] SystemI::createSoundInternal             : exinfo->length             = 3314656
[LOG] SystemI::createSoundInternal             : exinfo->fileoffset         = 61024
[LOG] SystemI::createSoundInternal             : exinfo->numsubsounds       = 1
[LOG] SystemI::createSoundInternal             : exinfo->inclusionlist      = 0000000083CBFB28
[LOG] SystemI::createSoundInternal             : exinfo->inclusionlistnum   = 1
[LOG] SystemI::createSoundInternal             : exinfo->suggestedsoundtype = 5
[LOG] SystemI::createSoundInternal             : exinfo->useropen           = 00007FFB1FAD8650
[LOG] SystemI::createSoundInternal             : exinfo->userclose          = 00007FFB1FAD93C0
[LOG] SystemI::createSoundInternal             : exinfo->userread           = 00007FFB1FAD8730
[LOG] SystemI::createSoundInternal             : exinfo->userseek           = 00007FFB1FAD87E0
[LOG] SystemI::createSoundInternal             : exinfo->fileuserdata       = 0000000041275628
[LOG] SystemI::createSoundInternal             : exinfo->initialseekpostype = 1
[LOG] SystemI::createSoundInternal             : Format has 1 subsounds.
[LOG] SystemI::createSoundInternal             : Create as FMOD_CREATESAMPLE
[LOG] SystemI::createSoundInternal             : Multi-sample sound (1 subsounds), create a sample container.
[LOG] SystemI::createSoundInternal             : creating subsound 0/1
[LOG] SystemI::createSample                    : mode 0a000202 length 24000 samples, lengthbytes 7904
[LOG] SystemI::createSample                    : channels = 2
[LOG] SystemI::createSample                    : output = 00000000412C06B8
[LOG] OutputSoftware::createSample             : lengthpcm 24000, lengthbytes 7904, channels 2, format 2, freq 48000, mode 0a00020a
[LOG] SystemI::createSoundInternal             : done.  OpenState now = FMOD_OPENSTATE_READY.

[LOG] SystemI::createSoundInternal             : filename =  : mode 0a000202
[LOG] SystemI::createSoundInternal             : exinfo->cbsize             = 232
[LOG] SystemI::createSoundInternal             : exinfo->length             = 3314656
[LOG] SystemI::createSoundInternal             : exinfo->fileoffset         = 61024
[LOG] SystemI::createSoundInternal             : exinfo->numsubsounds       = 1
[LOG] SystemI::createSoundInternal             : exinfo->inclusionlist      = 0000000083CBFB28
[LOG] SystemI::createSoundInternal             : exinfo->inclusionlistnum   = 1
[LOG] SystemI::createSoundInternal             : exinfo->suggestedsoundtype = 5
[LOG] SystemI::createSoundInternal             : exinfo->useropen           = 00007FFB1FAD8650
[LOG] SystemI::createSoundInternal             : exinfo->userclose          = 00007FFB1FAD93C0
[LOG] SystemI::createSoundInternal             : exinfo->userread           = 00007FFB1FAD8730
[LOG] SystemI::createSoundInternal             : exinfo->userseek           = 00007FFB1FAD87E0
[LOG] SystemI::createSoundInternal             : exinfo->fileuserdata       = 0000000041275628
[LOG] SystemI::createSoundInternal             : exinfo->initialseekpostype = 1
[LOG] SystemI::createSoundInternal             : Format has 1 subsounds.
[LOG] SystemI::createSoundInternal             : Create as FMOD_CREATESAMPLE
[LOG] SystemI::createSoundInternal             : Multi-sample sound (1 subsounds), create a sample container.
[LOG] SystemI::createSoundInternal             : creating subsound 0/1
[LOG] SystemI::createSample                    : mode 0a000202 length 24000 samples, lengthbytes 7872
[LOG] SystemI::createSample                    : channels = 2
[LOG] SystemI::createSample                    : output = 00000000412C06B8
[LOG] OutputSoftware::createSample             : lengthpcm 24000, lengthbytes 7872, channels 2, format 2, freq 48000, mode 0a00020a
[LOG] SystemI::createSoundInternal             : done.  OpenState now = FMOD_OPENSTATE_READY.

[LOG] SystemI::createSoundInternal             : filename =  : mode 0a000202
[LOG] SystemI::createSoundInternal             : exinfo->cbsize             = 232
[LOG] SystemI::createSoundInternal             : exinfo->length             = 3314656
[LOG] SystemI::createSoundInternal             : exinfo->fileoffset         = 61024
[LOG] SystemI::createSoundInternal             : exinfo->numsubsounds       = 1
[LOG] SystemI::createSoundInternal             : exinfo->inclusionlist      = 0000000083CBFB28
[LOG] SystemI::createSoundInternal             : exinfo->inclusionlistnum   = 1
[LOG] SystemI::createSoundInternal             : exinfo->suggestedsoundtype = 5
[LOG] SystemI::createSoundInternal             : exinfo->useropen           = 00007FFB1FAD8650
[LOG] SystemI::createSoundInternal             : exinfo->userclose          = 00007FFB1FAD93C0
[LOG] SystemI::createSoundInternal             : exinfo->userread           = 00007FFB1FAD8730
[LOG] SystemI::createSoundInternal             : exinfo->userseek           = 00007FFB1FAD87E0
[LOG] SystemI::createSoundInternal             : exinfo->fileuserdata       = 0000000041275628
[LOG] SystemI::createSoundInternal             : exinfo->initialseekpostype = 1
[LOG] SystemI::createSoundInternal             : Format has 1 subsounds.
[LOG] SystemI::createSoundInternal             : Create as FMOD_CREATESAMPLE
[LOG] SystemI::createSoundInternal             : Multi-sample sound (1 subsounds), create a sample container.
[LOG] SystemI::createSoundInternal             : creating subsound 0/1
[LOG] SystemI::createSample                    : mode 0a000202 length 24000 samples, lengthbytes 7104
[LOG] SystemI::createSample                    : channels = 2
[LOG] SystemI::createSample                    : output = 00000000412C06B8
[LOG] OutputSoftware::createSample             : lengthpcm 24000, lengthbytes 7104, channels 2, format 2, freq 48000, mode 0a00020a
[LOG] SystemI::createSoundInternal             : done.  OpenState now = FMOD_OPENSTATE_READY.

[LOG] SystemI::createSoundInternal             : filename =  : mode 0a000202
[LOG] SystemI::createSoundInternal             : exinfo->cbsize             = 232
[LOG] SystemI::createSoundInternal             : exinfo->length             = 3314656
[LOG] SystemI::createSoundInternal             : exinfo->fileoffset         = 61024
[LOG] SystemI::createSoundInternal             : exinfo->numsubsounds       = 1
[LOG] SystemI::createSoundInternal             : exinfo->inclusionlist      = 0000000083CBFB28
[LOG] SystemI::createSoundInternal             : exinfo->inclusionlistnum   = 1
[LOG] SystemI::createSoundInternal             : exinfo->suggestedsoundtype = 5
[LOG] SystemI::createSoundInternal             : exinfo->useropen           = 00007FFB1FAD8650
[LOG] SystemI::createSoundInternal             : exinfo->userclose          = 00007FFB1FAD93C0
[LOG] SystemI::createSoundInternal             : exinfo->userread           = 00007FFB1FAD8730
[LOG] SystemI::createSoundInternal             : exinfo->userseek           = 00007FFB1FAD87E0
[LOG] SystemI::createSoundInternal             : exinfo->fileuserdata       = 0000000041275628
[LOG] SystemI::createSoundInternal             : exinfo->initialseekpostype = 1
[LOG] SystemI::createSoundInternal             : Format has 1 subsounds.
[LOG] SystemI::createSoundInternal             : Create as FMOD_CREATESAMPLE
[LOG] SystemI::createSoundInternal             : Multi-sample sound (1 subsounds), create a sample container.
[LOG] SystemI::createSoundInternal             : creating subsound 0/1
[LOG] SystemI::createSample                    : mode 0a000202 length 24028 samples, lengthbytes 6816
[LOG] SystemI::createSample                    : channels = 2
[LOG] SystemI::createSample                    : output = 00000000412C06B8
[LOG] OutputSoftware::createSample             : lengthpcm 24028, lengthbytes 6816, channels 2, format 2, freq 48000, mode 0a00020a
[LOG] SystemI::createSoundInternal             : done.  OpenState now = FMOD_OPENSTATE_READY.

[LOG] SystemI::createSoundInternal             : filename =  : mode 0a000202
[LOG] SystemI::createSoundInternal             : exinfo->cbsize             = 232
[LOG] SystemI::createSoundInternal             : exinfo->length             = 3314656
[LOG] SystemI::createSoundInternal             : exinfo->fileoffset         = 61024
[LOG] SystemI::createSoundInternal             : exinfo->numsubsounds       = 1
[LOG] SystemI::createSoundInternal             : exinfo->inclusionlist      = 0000000083CBFB28
[LOG] SystemI::createSoundInternal             : exinfo->inclusionlistnum   = 1
[LOG] SystemI::createSoundInternal             : exinfo->suggestedsoundtype = 5
[LOG] SystemI::createSoundInternal             : exinfo->useropen           = 00007FFB1FAD8650
[LOG] SystemI::createSoundInternal             : exinfo->userclose          = 00007FFB1FAD93C0
[LOG] SystemI::createSoundInternal             : exinfo->userread           = 00007FFB1FAD8730
[LOG] SystemI::createSoundInternal             : exinfo->userseek           = 00007FFB1FAD87E0
[LOG] SystemI::createSoundInternal             : exinfo->fileuserdata       = 0000000041275628
[LOG] SystemI::createSoundInternal             : exinfo->initialseekpostype = 1
[LOG] SystemI::createSoundInternal             : Format has 1 subsounds.
[LOG] SystemI::createSoundInternal             : Create as FMOD_CREATESAMPLE
[LOG] SystemI::createSoundInternal             : Multi-sample sound (1 subsounds), create a sample container.
[LOG] SystemI::createSoundInternal             : creating subsound 0/1
[LOG] SystemI::createSample                    : mode 0a000202 length 24000 samples, lengthbytes 7776
[LOG] SystemI::createSample                    : channels = 2
[LOG] SystemI::createSample                    : output = 00000000412C06B8
[LOG] OutputSoftware::createSample             : lengthpcm 24000, lengthbytes 7776, channels 2, format 2, freq 48000, mode 0a00020a
[LOG] SystemI::createSoundInternal             : done.  OpenState now = FMOD_OPENSTATE_READY.

[LOG] SystemI::createSoundInternal             : filename =  : mode 0a000202
[LOG] SystemI::createSoundInternal             : exinfo->cbsize             = 232
[LOG] SystemI::createSoundInternal             : exinfo->length             = 3314656
[LOG] SystemI::createSoundInternal             : exinfo->fileoffset         = 61024
[LOG] SystemI::createSoundInternal             : exinfo->numsubsounds       = 1
[LOG] SystemI::createSoundInternal             : exinfo->inclusionlist      = 0000000083CBFB28
[LOG] SystemI::createSoundInternal             : exinfo->inclusionlistnum   = 1
[LOG] SystemI::createSoundInternal             : exinfo->suggestedsoundtype = 5
[LOG] SystemI::createSoundInternal             : exinfo->useropen           = 00007FFB1FAD8650
[LOG] SystemI::createSoundInternal             : exinfo->userclose          = 00007FFB1FAD93C0
[LOG] SystemI::createSoundInternal             : exinfo->userread           = 00007FFB1FAD8730
[LOG] SystemI::createSoundInternal             : exinfo->userseek           = 00007FFB1FAD87E0
[LOG] SystemI::createSoundInternal             : exinfo->fileuserdata       = 0000000041275628
[LOG] SystemI::createSoundInternal             : exinfo->initialseekpostype = 1
[LOG] SystemI::createSoundInternal             : Format has 1 subsounds.
[LOG] SystemI::createSoundInternal             : Create as FMOD_CREATESAMPLE
[LOG] SystemI::createSoundInternal             : Multi-sample sound (1 subsounds), create a sample container.
[LOG] SystemI::createSoundInternal             : creating subsound 0/1
[LOG] SystemI::createSample                    : mode 0a000202 length 24059 samples, lengthbytes 6816
[LOG] SystemI::createSample                    : channels = 2
[LOG] SystemI::createSample                    : output = 00000000412C06B8
[LOG] OutputSoftware::createSample             : lengthpcm 24059, lengthbytes 6816, channels 2, format 2, freq 48000, mode 0a00020a
[LOG] SystemI::createSoundInternal             : done.  OpenState now = FMOD_OPENSTATE_READY.

[LOG] SystemI::createSoundInternal             : filename =  : mode 0a000202
[LOG] SystemI::createSoundInternal             : exinfo->cbsize             = 232
[LOG] SystemI::createSoundInternal             : exinfo->length             = 3314656
[LOG] SystemI::createSoundInternal             : exinfo->fileoffset         = 61024
[LOG] SystemI::createSoundInternal             : exinfo->numsubsounds       = 1
[LOG] SystemI::createSoundInternal             : exinfo->inclusionlist      = 0000000083CBFB28
[LOG] SystemI::createSoundInternal             : exinfo->inclusionlistnum   = 1
[LOG] SystemI::createSoundInternal             : exinfo->suggestedsoundtype = 5
[LOG] SystemI::createSoundInternal             : exinfo->useropen           = 00007FFB1FAD8650
[LOG] SystemI::createSoundInternal             : exinfo->userclose          = 00007FFB1FAD93C0
[LOG] SystemI::createSoundInternal             : exinfo->userread           = 00007FFB1FAD8730
[LOG] SystemI::createSoundInternal             : exinfo->userseek           = 00007FFB1FAD87E0
[LOG] SystemI::createSoundInternal             : exinfo->fileuserdata       = 0000000041275628
[LOG] SystemI::createSoundInternal             : exinfo->initialseekpostype = 1
[LOG] SystemI::createSoundInternal             : Format has 1 subsounds.
[LOG] SystemI::createSoundInternal             : Create as FMOD_CREATESAMPLE
[LOG] SystemI::createSoundInternal             : Multi-sample sound (1 subsounds), create a sample container.
[LOG] SystemI::createSoundInternal             : creating subsound 0/1
[LOG] SystemI::createSample                    : mode 0a000202 length 24051 samples, lengthbytes 7008
[LOG] SystemI::createSample                    : channels = 2
[LOG] SystemI::createSample                    : output = 00000000412C06B8
[LOG] OutputSoftware::createSample             : lengthpcm 24051, lengthbytes 7008, channels 2, format 2, freq 48000, mode 0a00020a
[LOG] SystemI::createSoundInternal             : done.  OpenState now = FMOD_OPENSTATE_READY.

[LOG] SystemI::createSoundInternal             : filename =  : mode 0a000202
[LOG] SystemI::createSoundInternal             : exinfo->cbsize             = 232
[LOG] SystemI::createSoundInternal             : exinfo->length             = 3314656
[LOG] SystemI::createSoundInternal             : exinfo->fileoffset         = 61024
[LOG] SystemI::createSoundInternal             : exinfo->numsubsounds       = 1
[LOG] SystemI::createSoundInternal             : exinfo->inclusionlist      = 0000000083CBFB28
[LOG] SystemI::createSoundInternal             : exinfo->inclusionlistnum   = 1
[LOG] SystemI::createSoundInternal             : exinfo->suggestedsoundtype = 5
[LOG] SystemI::createSoundInternal             : exinfo->useropen           = 00007FFB1FAD8650
[LOG] SystemI::createSoundInternal             : exinfo->userclose          = 00007FFB1FAD93C0
[LOG] SystemI::createSoundInternal             : exinfo->userread           = 00007FFB1FAD8730
[LOG] SystemI::createSoundInternal             : exinfo->userseek           = 00007FFB1FAD87E0
[LOG] SystemI::createSoundInternal             : exinfo->fileuserdata       = 0000000041275628
[LOG] SystemI::createSoundInternal             : exinfo->initialseekpostype = 1
[LOG] SystemI::createSoundInternal             : Format has 1 subsounds.
[LOG] SystemI::createSoundInternal             : Create as FMOD_CREATESAMPLE
[LOG] SystemI::createSoundInternal             : Multi-sample sound (1 subsounds), create a sample container.
[LOG] SystemI::createSoundInternal             : creating subsound 0/1
[LOG] SystemI::createSample                    : mode 0a000202 length 24118 samples, lengthbytes 6688
[LOG] SystemI::createSample                    : channels = 2
[LOG] SystemI::createSample                    : output = 00000000412C06B8
[LOG] OutputSoftware::createSample             : lengthpcm 24118, lengthbytes 6688, channels 2, format 2, freq 48000, mode 0a00020a
[LOG] SystemI::createSoundInternal             : done.  OpenState now = FMOD_OPENSTATE_READY.

[WRN] EventInstance::update                    : Event {b860078f-0383-453b-b4e6-8ed5b76e715a} waited 53 milliseconds for sample data to load.  Preload sample data to avoid this delay.
[WRN] EventInstance::update                    : Event {b860078f-0383-453b-b4e6-8ed5b76e715a} waited 54 milliseconds for sample data to load.  Preload sample data to avoid this delay.
[WRN] EventInstance::update                    : Event {b860078f-0383-453b-b4e6-8ed5b76e715a} waited 54 milliseconds for sample data to load.  Preload sample data to avoid this delay.
[WRN] EventInstance::update                    : Event {b860078f-0383-453b-b4e6-8ed5b76e715a} waited 54 milliseconds for sample data to load.  Preload sample data to avoid this delay.
[LOG] SystemI::createSound                     : filename = ./..\FMOD\ClassPrj\Build\Desktop/Bank_SFX.bank : mode 0a010082
[LOG] SystemI::createSound                     : FMOD_NONBLOCKING specified.  Putting into queue to be opened asynchronously!
[LOG] Thread::initThread                       : Initializing FMOD nonblocking thread (0).  priority 1
[LOG] Thread::initThread                       : - Stacksize 81920.  Stack pointer 0000000000000000 : usesemaphore = 1 : sleeptime = 0
[LOG] Thread::callback                         : * FMOD nonblocking thread (0) started
[LOG] SystemI::createSound                     : setdata soundi = 00000000412887E8 : node = 0000000031948D50
[LOG] SystemI::createSound                     : add node to async list : head = 00000000412AB760.  list count = 0
[LOG] AsyncThread::threadFunc                  : Starting Asynchronous operation on sound 00000000412887E8
[LOG] SystemI::createSound                     : filename = ./..\FMOD\ClassPrj\Build\Desktop/Bank_SFX.bank : mode 0a010082
[LOG] SystemI::createSoundInternal             :     filename = ./..\FMOD\ClassPrj\Build\Desktop/Bank_SFX.bank : mode 0a010082
[LOG] SystemI::createSound                     :     FMOD_NONBLOCKING specified.  Putting into queue to be opened asynchronously!
[LOG] SystemI::createSoundInternal             :     exinfo->cbsize             = 232
[LOG] SystemI::createSound                     :     setdata soundi = 0000000041288B28 : node = 0000000031948EA0
[LOG] SystemI::createSoundInternal             :     exinfo->length             = 3314656
[LOG] SystemI::createSound                     :     add node to async list : head = 00000000412AB760.  list count = 0
[LOG] SystemI::createSoundInternal             :     exinfo->fileoffset         = 61024
[LOG] SystemI::createSoundInternal             :     exinfo->numsubsounds       = 1
[LOG] SystemI::createSoundInternal             :     exinfo->inclusionlist      = 0000000031948E68
[LOG] SystemI::createSoundInternal             :     exinfo->inclusionlistnum   = 1
[LOG] SystemI::createSoundInternal             :     exinfo->suggestedsoundtype = 5
[LOG] SystemI::createSoundInternal             :     exinfo->initialseekpostype = 1
[LOG] SystemI::createSoundInternal             :     Format has 1 subsounds.
[LOG] SystemI::createSoundInternal             :     Create as FMOD_CREATESTREAM
[LOG] System::createSoundInternal              :     decode buffersize = 19200 : blocksize = 256 : format = 2
[LOG] SystemI::createSample                    :     mode 0a010082 length 19200 samples, lengthbytes 339552
[LOG] SystemI::createSample                    :     channels = 2
[LOG] SystemI::createSample                    :     output = 00000000412C06B8
[LOG] OutputSoftware::createSample             :     lengthpcm 19200, lengthbytes 339552, channels 2, format 2, freq 48000, mode 0a01008a
[LOG] System::createSoundInternal              :     1 subsounds detected.
[LOG] System::createSoundInternal              :     Seek stream to start
[LOG] System::createSoundInternal              :     flush stream buffer
[LOG] System::createSoundInternal              :     flush successful.
[LOG] System::createSoundInternal              :     switch file handle from small blocking single buffered to large nonblocking doublebuffered.
[LOG] Thread::initThread                       :         Initializing FMOD file thread.  priority 1
[LOG] Thread::initThread                       :         - Stacksize 16384.  Stack pointer 0000000000000000 : usesemaphore = 0 : sleeptime = 10
[LOG] Thread::callback                         :         * FMOD file thread started
[LOG] SystemI::createSoundInternal             :     done.  OpenState now = FMOD_OPENSTATE_READY.

[LOG] AsyncThread::threadFunc                  : Finished Asynchronous operation on sound 00000000412887E8
[LOG] AsyncThread::threadFunc                  : Starting Asynchronous operation on sound 0000000041288B28
[LOG] SystemI::createSoundInternal             :     filename = ./..\FMOD\ClassPrj\Build\Desktop/Bank_SFX.bank : mode 0a010082
[LOG] SystemI::createSoundInternal             :     exinfo->cbsize             = 232
[LOG] SystemI::createSoundInternal             :     exinfo->length             = 3314656
[LOG] SystemI::createSoundInternal             :     exinfo->fileoffset         = 61024
[LOG] SystemI::createSoundInternal             :     exinfo->numsubsounds       = 1
[LOG] SystemI::createSoundInternal             :     exinfo->inclusionlist      = 0000000031948FB8
[LOG] SystemI::createSoundInternal             :     exinfo->inclusionlistnum   = 1
[LOG] SystemI::createSoundInternal             :     exinfo->suggestedsoundtype = 5
[LOG] SystemI::createSoundInternal             :     exinfo->initialseekpostype = 1
[LOG] SystemI::createSoundInternal             :     Format has 1 subsounds.
[LOG] SystemI::createSoundInternal             :     Create as FMOD_CREATESTREAM
[LOG] System::createSoundInternal              :     decode buffersize = 19200 : blocksize = 256 : format = 2
[LOG] SystemI::createSample                    :     mode 0a010082 length 19200 samples, lengthbytes 233664
[LOG] SystemI::createSample                    :     channels = 2
[LOG] SystemI::createSample                    :     output = 00000000412C06B8
[LOG] OutputSoftware::createSample             :     lengthpcm 19200, lengthbytes 233664, channels 2, format 2, freq 48000, mode 0a01008a
[LOG] System::createSoundInternal              :     1 subsounds detected.
[LOG] System::createSoundInternal              :     Seek stream to start
[LOG] System::createSoundInternal              :     flush stream buffer
[LOG] System::createSoundInternal              :     flush successful.
[LOG] System::createSoundInternal              :     switch file handle from small blocking single buffered to large nonblocking doublebuffered.
[LOG] SystemI::createSoundInternal             :     done.  OpenState now = FMOD_OPENSTATE_READY.

[LOG] AsyncThread::threadFunc                  : Finished Asynchronous operation on sound 0000000041288B28
[LOG] SoundI::getSubSound                      : sound 00000000412887E8.  Subsound index 0 / 1
[LOG] SoundI::getSubSound                      : sound 0000000041288B28.  Subsound index 0 / 1
[LOG] SystemI::createSound                     : filename = ./..\FMOD\ClassPrj\Build\Desktop/Bank_SFX.bank : mode 0a010082
[LOG] SystemI::createSound                     : FMOD_NONBLOCKING specified.  Putting into queue to be opened asynchronously!
[LOG] SystemI::createSound                     : setdata soundi = 0000000041288CC8 : node = 0000000031948570
[LOG] SystemI::createSound                     : add node to async list : head = 00000000412AB760.  list count = 0
[LOG] AsyncThread::threadFunc                  : Starting Asynchronous operation on sound 0000000041288CC8
[LOG] SystemI::createSoundInternal             :     filename = ./..\FMOD\ClassPrj\Build\Desktop/Bank_SFX.bank : mode 0a010082
[LOG] SystemI::createSoundInternal             :     exinfo->cbsize             = 232
[LOG] SystemI::createSoundInternal             :     exinfo->length             = 3314656
[LOG] SystemI::createSoundInternal             :     exinfo->fileoffset         = 61024
[LOG] SystemI::createSoundInternal             :     exinfo->numsubsounds       = 1
[LOG] SystemI::createSoundInternal             :     exinfo->inclusionlist      = 0000000031948688
[LOG] SystemI::createSoundInternal             :     exinfo->inclusionlistnum   = 1
[LOG] SystemI::createSoundInternal             :     exinfo->suggestedsoundtype = 5
[LOG] SystemI::createSoundInternal             :     exinfo->initialseekpostype = 1
[LOG] SystemI::createSoundInternal             :     Format has 1 subsounds.
[LOG] SystemI::createSoundInternal             :     Create as FMOD_CREATESTREAM
[LOG] System::createSoundInternal              :     decode buffersize = 19200 : blocksize = 256 : format = 2
[LOG] SystemI::createSample                    :     mode 0a010082 length 19200 samples, lengthbytes 50688
[LOG] SystemI::createSample                    :     channels = 2
[LOG] SystemI::createSample                    :     output = 00000000412C06B8
[LOG] OutputSoftware::createSample             :     lengthpcm 19200, lengthbytes 50688, channels 2, format 2, freq 48000, mode 0a01008a
[LOG] System::createSoundInternal              :     1 subsounds detected.
[LOG] System::createSoundInternal              :     Seek stream to start
[LOG] System::createSoundInternal              :     flush stream buffer
[LOG] System::createSoundInternal              :     flush successful.
[LOG] System::createSoundInternal              :     switch file handle from small blocking single buffered to large nonblocking doublebuffered.
[LOG] SystemI::createSoundInternal             :     done.  OpenState now = FMOD_OPENSTATE_READY.

[LOG] AsyncThread::threadFunc                  : Finished Asynchronous operation on sound 0000000041288CC8
[LOG] SoundI::getSubSound                      : sound 0000000041288CC8.  Subsound index 0 / 1
[LOG] AsyncThread::threadFunc                  : Starting Asynchronous operation on sound 0000000041288E68
[LOG] AsyncThread::threadFunc                  : Finished Asynchronous operation on sound 0000000041288E68
[LOG] SoundI::release                          : (null) (0000000041288CC8)
[LOG] SoundI::release                          : remove stream samples. (0000000041288CC8)
[LOG] SoundI::release                          :     (null) (000000004127A2F8)
[LOG] SoundI::release                          : release subsounds. (0000000041288CC8)
[LOG] SoundI::release                          :     (null) (0000000041288E68)
[LOG] SoundI::release                          : release codec. (0000000041288CC8)
[LOG] SystemI::createSound                     : filename = ./..\FMOD\ClassPrj\Build\Desktop/Bank_SFX.bank : mode 0a010082
[LOG] SystemI::createSound                     : FMOD_NONBLOCKING specified.  Putting into queue to be opened asynchronously!
[LOG] SystemI::createSound                     : setdata soundi = 0000000041289348 : node = 00000000319486C0
[LOG] SystemI::createSound                     : add node to async list : head = 00000000412AB760.  list count = 0
[LOG] AsyncThread::threadFunc                  : Starting Asynchronous operation on sound 0000000041289348
[LOG] SystemI::createSoundInternal             :     filename = ./..\FMOD\ClassPrj\Build\Desktop/Bank_SFX.bank : mode 0a010082
[LOG] SystemI::createSoundInternal             :     exinfo->cbsize             = 232
[LOG] SystemI::createSoundInternal             :     exinfo->length             = 3314656
[LOG] SystemI::createSoundInternal             :     exinfo->fileoffset         = 61024
[LOG] SystemI::createSoundInternal             :     exinfo->numsubsounds       = 1
[LOG] SystemI::createSoundInternal             :     exinfo->inclusionlist      = 00000000319487D8
[LOG] SystemI::createSoundInternal             :     exinfo->inclusionlistnum   = 1
[LOG] SystemI::createSoundInternal             :     exinfo->suggestedsoundtype = 5
[LOG] SystemI::createSoundInternal             :     exinfo->initialseekpostype = 1
[LOG] SystemI::createSoundInternal             :     Format has 1 subsounds.
[LOG] SystemI::createSoundInternal             :     Create as FMOD_CREATESTREAM
[LOG] System::createSoundInternal              :     decode buffersize = 19200 : blocksize = 256 : format = 2
[LOG] SystemI::createSample                    :     mode 0a010082 length 19200 samples, lengthbytes 294400
[LOG] SystemI::createSample                    :     channels = 2
[LOG] SystemI::createSample                    :     output = 00000000412C06B8
[LOG] OutputSoftware::createSample             :     lengthpcm 19200, lengthbytes 294400, channels 2, format 2, freq 48000, mode 0a01008a
[LOG] System::createSoundInternal              :     1 subsounds detected.
[LOG] System::createSoundInternal              :     Seek stream to start
[LOG] System::createSoundInternal              :     flush stream buffer
[LOG] System::createSoundInternal              :     flush successful.
[LOG] System::createSoundInternal              :     switch file handle from small blocking single buffered to large nonblocking doublebuffered.
[LOG] SystemI::createSoundInternal             :     done.  OpenState now = FMOD_OPENSTATE_READY.

[LOG] AsyncThread::threadFunc                  : Finished Asynchronous operation on sound 0000000041289348
[LOG] SoundI::getSubSound                      : sound 0000000041289348.  Subsound index 0 / 1
[LOG] AsyncThread::threadFunc                  : Starting Asynchronous operation on sound 00000000412894E8
[LOG] AsyncThread::threadFunc                  : Finished Asynchronous operation on sound 00000000412894E8
[LOG] SoundI::release                          : (null) (00000000412887E8)
[LOG] SoundI::release                          : remove stream samples. (00000000412887E8)
[LOG] SoundI::release                          :     (null) (00000000315AD278)
[LOG] SoundI::release                          : release subsounds. (00000000412887E8)
[LOG] SoundI::release                          :     (null) (00000000412891A8)
[LOG] SoundI::release                          : release codec. (00000000412887E8)
[LOG] SystemI::createSound                     : filename = ./..\FMOD\ClassPrj\Build\Desktop/Bank_SFX.bank : mode 0a010082
[LOG] SystemI::createSound                     : FMOD_NONBLOCKING specified.  Putting into queue to be opened asynchronously!
[LOG] SystemI::createSound                     : setdata soundi = 00000000412887E8 : node = 0000000031948D50
[LOG] SystemI::createSound                     : add node to async list : head = 00000000412AB760.  list count = 0
[LOG] AsyncThread::threadFunc                  : Starting Asynchronous operation on sound 00000000412887E8
[LOG] SystemI::createSoundInternal             :     filename = ./..\FMOD\ClassPrj\Build\Desktop/Bank_SFX.bank : mode 0a010082
[LOG] SystemI::createSoundInternal             :     exinfo->cbsize             = 232
[LOG] SystemI::createSoundInternal             :     exinfo->length             = 3314656
[LOG] SystemI::createSoundInternal             :     exinfo->fileoffset         = 61024
[LOG] SystemI::createSoundInternal             :     exinfo->numsubsounds       = 1
[LOG] SystemI::createSoundInternal             :     exinfo->inclusionlist      = 0000000031948E68
[LOG] SystemI::createSoundInternal             :     exinfo->inclusionlistnum   = 1
[LOG] SystemI::createSoundInternal             :     exinfo->suggestedsoundtype = 5
[LOG] SystemI::createSoundInternal             :     exinfo->initialseekpostype = 1
[LOG] SystemI::createSoundInternal             :     Format has 1 subsounds.
[LOG] SystemI::createSoundInternal             :     Create as FMOD_CREATESTREAM
[LOG] System::createSoundInternal              :     decode buffersize = 19200 : blocksize = 256 : format = 2
[LOG] SystemI::createSample                    :     mode 0a010082 length 19200 samples, lengthbytes 164320
[LOG] SystemI::createSample                    :     channels = 2
[LOG] SystemI::createSample                    :     output = 00000000412C06B8
[LOG] OutputSoftware::createSample             :     lengthpcm 19200, lengthbytes 164320, channels 2, format 2, freq 48000, mode 0a01008a
[LOG] System::createSoundInternal              :     1 subsounds detected.
[LOG] System::createSoundInternal              :     Seek stream to start
[LOG] System::createSoundInternal              :     flush stream buffer
[LOG] System::createSoundInternal              :     flush successful.
[LOG] System::createSoundInternal              :     switch file handle from small blocking single buffered to large nonblocking doublebuffered.
[LOG] SystemI::createSoundInternal             :     done.  OpenState now = FMOD_OPENSTATE_READY.

[LOG] AsyncThread::threadFunc                  : Finished Asynchronous operation on sound 00000000412887E8
[LOG] SoundI::getSubSound                      : sound 00000000412887E8.  Subsound index 0 / 1
[LOG] SoundI::release                          : (null) (0000000041288B28)
[LOG] SoundI::release                          : remove stream samples. (0000000041288B28)
[LOG] SoundI::release                          :     (null) (00000000315AD0E8)
[LOG] SoundI::release                          : release subsounds. (0000000041288B28)
[LOG] SoundI::release                          :     (null) (0000000041288988)
[LOG] SoundI::release                          : release codec. (0000000041288B28)
[LOG] SystemI::createSound                     : filename = ./..\FMOD\ClassPrj\Build\Desktop/Bank_SFX.bank : mode 0a010082
[LOG] SystemI::createSound                     : FMOD_NONBLOCKING specified.  Putting into queue to be opened asynchronously!
[LOG] SystemI::createSound                     : setdata soundi = 00000000412891A8 : node = 0000000031948EA0
[LOG] SystemI::createSound                     : add node to async list : head = 00000000412AB760.  list count = 0
[LOG] AsyncThread::threadFunc                  : Starting Asynchronous operation on sound 00000000412891A8
[LOG] SystemI::createSoundInternal             :     filename = ./..\FMOD\ClassPrj\Build\Desktop/Bank_SFX.bank : mode 0a010082
[LOG] SystemI::createSoundInternal             :     exinfo->cbsize             = 232
[LOG] SystemI::createSoundInternal             :     exinfo->length             = 3314656
[LOG] SystemI::createSoundInternal             :     exinfo->fileoffset         = 61024
[LOG] SystemI::createSoundInternal             :     exinfo->numsubsounds       = 1
[LOG] SystemI::createSoundInternal             :     exinfo->inclusionlist      = 0000000031948FB8
[LOG] SystemI::createSoundInternal             :     exinfo->inclusionlistnum   = 1
[LOG] SystemI::createSoundInternal             :     exinfo->suggestedsoundtype = 5
[LOG] SystemI::createSoundInternal             :     exinfo->initialseekpostype = 1
[LOG] SystemI::createSoundInternal             :     Format has 1 subsounds.
[LOG] SystemI::createSoundInternal             :     Create as FMOD_CREATESTREAM
[LOG] System::createSoundInternal              :     decode buffersize = 19200 : blocksize = 256 : format = 2
[LOG] SystemI::createSample                    :     mode 0a010082 length 19200 samples, lengthbytes 294400
[LOG] SystemI::createSample                    :     channels = 2
[LOG] SystemI::createSample                    :     output = 00000000412C06B8
[LOG] OutputSoftware::createSample             :     lengthpcm 19200, lengthbytes 294400, channels 2, format 2, freq 48000, mode 0a01008a
[LOG] System::createSoundInternal              :     1 subsounds detected.
[LOG] System::createSoundInternal              :     Seek stream to start
[LOG] System::createSoundInternal              :     flush stream buffer
[LOG] System::createSoundInternal              :     flush successful.
[LOG] System::createSoundInternal              :     switch file handle from small blocking single buffered to large nonblocking doublebuffered.
[LOG] SystemI::createSoundInternal             :     done.  OpenState now = FMOD_OPENSTATE_READY.

[LOG] AsyncThread::threadFunc                  : Finished Asynchronous operation on sound 00000000412891A8
[LOG] SoundI::getSubSound                      : sound 00000000412891A8.  Subsound index 0 / 1
[LOG] AsyncThread::threadFunc                  : Starting Asynchronous operation on sound 0000000041288E68
[LOG] AsyncThread::threadFunc                  : Finished Asynchronous operation on sound 0000000041288E68
[LOG] SoundI::release                          : (null) (0000000041289348)
[LOG] SoundI::release                          : remove stream samples. (0000000041289348)
[LOG] SoundI::release                          :     (null) (000000004125BD98)
[LOG] SoundI::release                          : release subsounds. (0000000041289348)
[LOG] SoundI::release                          :     (null) (00000000412894E8)
[LOG] SoundI::release                          : release codec. (0000000041289348)
[LOG] SystemI::createSound                     : filename = ./..\FMOD\ClassPrj\Build\Desktop/Bank_SFX.bank : mode 0a010082
[LOG] SystemI::createSound                     : FMOD_NONBLOCKING specified.  Putting into queue to be opened asynchronously!
[LOG] SystemI::createSound                     : setdata soundi = 00000000412894E8 : node = 0000000031948570
[LOG] SystemI::createSound                     : add node to async list : head = 00000000412AB760.  list count = 0
[LOG] AsyncThread::threadFunc                  : Starting Asynchronous operation on sound 00000000412894E8
[LOG] SystemI::createSoundInternal             :     filename = ./..\FMOD\ClassPrj\Build\Desktop/Bank_SFX.bank : mode 0a010082
[LOG] SystemI::createSoundInternal             :     exinfo->cbsize             = 232
[LOG] SystemI::createSoundInternal             :     exinfo->length             = 3314656
[LOG] SystemI::createSoundInternal             :     exinfo->fileoffset         = 61024
[LOG] SystemI::createSoundInternal             :     exinfo->numsubsounds       = 1
[LOG] SystemI::createSoundInternal             :     exinfo->inclusionlist      = 0000000031948688
[LOG] SystemI::createSoundInternal             :     exinfo->inclusionlistnum   = 1
[LOG] SystemI::createSoundInternal             :     exinfo->suggestedsoundtype = 5
[LOG] SystemI::createSoundInternal             :     exinfo->initialseekpostype = 1
[LOG] SystemI::createSoundInternal             :     Format has 1 subsounds.
[LOG] SystemI::createSoundInternal             :     Create as FMOD_CREATESTREAM
[LOG] System::createSoundInternal              :     decode buffersize = 19200 : blocksize = 256 : format = 2
[LOG] SystemI::createSample                    :     mode 0a010082 length 19200 samples, lengthbytes 339552
[LOG] SystemI::createSample                    :     channels = 2
[LOG] SystemI::createSample                    :     output = 00000000412C06B8
[LOG] OutputSoftware::createSample             :     lengthpcm 19200, lengthbytes 339552, channels 2, format 2, freq 48000, mode 0a01008a
[LOG] System::createSoundInternal              :     1 subsounds detected.
[LOG] System::createSoundInternal              :     Seek stream to start
[LOG] System::createSoundInternal              :     flush stream buffer
[LOG] System::createSoundInternal              :     flush successful.
[LOG] System::createSoundInternal              :     switch file handle from small blocking single buffered to large nonblocking doublebuffered.
[LOG] SystemI::createSoundInternal             :     done.  OpenState now = FMOD_OPENSTATE_READY.

[LOG] AsyncThread::threadFunc                  : Finished Asynchronous operation on sound 00000000412894E8
[LOG] SoundI::getSubSound                      : sound 00000000412894E8.  Subsound index 0 / 1
[LOG] SystemI::createSound                     : filename = ./..\FMOD\ClassPrj\Build\Desktop/Bank_SFX.bank : mode 0a010082
[LOG] SystemI::createSound                     : FMOD_NONBLOCKING specified.  Putting into queue to be opened asynchronously!
[LOG] SystemI::createSound                     : setdata soundi = 0000000041289348 : node = 00000000319486C0
[LOG] SystemI::createSound                     : add node to async list : head = 00000000412AB760.  list count = 0
[LOG] AsyncThread::threadFunc                  : Starting Asynchronous operation on sound 0000000041289348
[LOG] SystemI::createSoundInternal             :     filename = ./..\FMOD\ClassPrj\Build\Desktop/Bank_SFX.bank : mode 0a010082
[LOG] SystemI::createSoundInternal             :     exinfo->cbsize             = 232
[LOG] SystemI::createSoundInternal             :     exinfo->length             = 3314656
[LOG] SystemI::createSoundInternal             :     exinfo->fileoffset         = 61024
[LOG] SystemI::createSoundInternal             :     exinfo->numsubsounds       = 1
[LOG] SystemI::createSoundInternal             :     exinfo->inclusionlist      = 00000000319487D8
[LOG] SystemI::createSoundInternal             :     exinfo->inclusionlistnum   = 1
[LOG] SystemI::createSoundInternal             :     exinfo->suggestedsoundtype = 5
[LOG] SystemI::createSoundInternal             :     exinfo->initialseekpostype = 1
[LOG] SystemI::createSoundInternal             :     Format has 1 subsounds.
[LOG] SystemI::createSoundInternal             :     Create as FMOD_CREATESTREAM
[LOG] System::createSoundInternal              :     decode buffersize = 19200 : blocksize = 256 : format = 2
[LOG] SystemI::createSample                    :     mode 0a010082 length 19200 samples, lengthbytes 248928
[LOG] SystemI::createSample                    :     channels = 2
[LOG] SystemI::createSample                    :     output = 00000000412C06B8
[LOG] OutputSoftware::createSample             :     lengthpcm 19200, lengthbytes 248928, channels 2, format 2, freq 48000, mode 0a01008a
[LOG] System::createSoundInternal              :     1 subsounds detected.
[LOG] System::createSoundInternal              :     Seek stream to start
[LOG] System::createSoundInternal              :     flush stream buffer
[LOG] System::createSoundInternal              :     flush successful.
[LOG] System::createSoundInternal              :     switch file handle from small blocking single buffered to large nonblocking doublebuffered.
[LOG] SystemI::createSoundInternal             :     done.  OpenState now = FMOD_OPENSTATE_READY.

[LOG] AsyncThread::threadFunc                  : Finished Asynchronous operation on sound 0000000041289348
[LOG] SoundI::getSubSound                      : sound 0000000041289348.  Subsound index 0 / 1
[LOG] AsyncThread::threadFunc                  : Starting Asynchronous operation on sound 0000000041289008
[LOG] AsyncThread::threadFunc                  : Finished Asynchronous operation on sound 0000000041289008
[LOG] SoundI::release                          : (null) (00000000412887E8)
[LOG] SoundI::release                          : remove stream samples. (00000000412887E8)
[LOG] SoundI::release                          :     (null) (000000004125BF28)
[LOG] SoundI::release                          : release subsounds. (00000000412887E8)
[LOG] SoundI::release                          :     (null) (0000000041288CC8)
[LOG] SoundI::release                          : release codec. (00000000412887E8)
[LOG] SoundI::release                          : (null) (0000000041289348)
[LOG] SoundI::release                          : remove stream samples. (0000000041289348)
[LOG] SoundI::release                          :     (null) (000000004125B2A8)
[LOG] SoundI::release                          : release subsounds. (0000000041289348)
[LOG] SoundI::release                          :     (null) (0000000041288988)
[LOG] SoundI::release                          : release codec. (0000000041289348)
[LOG] SoundI::release                          : (null) (00000000412894E8)
[LOG] SoundI::release                          : remove stream samples. (00000000412894E8)
[LOG] SoundI::release                          :     (null) (000000004125B8E8)
[LOG] SoundI::release                          : release subsounds. (00000000412894E8)
[LOG] SoundI::release                          :     (null) (0000000041289008)
[LOG] SoundI::release                          : release codec. (00000000412894E8)
[LOG] SoundI::release                          : (null) (00000000412891A8)
[LOG] SoundI::release                          : remove stream samples. (00000000412891A8)
[LOG] SoundI::release                          :     (null) (000000004125BC08)
[LOG] SoundI::release                          : release subsounds. (00000000412891A8)
[LOG] SoundI::release                          :     (null) (0000000041288E68)
[LOG] SoundI::release                          : release codec. (00000000412891A8)
[LOG] SoundI::release                          : (null) (000000004139FA38)
[LOG] SoundI::release                          : release subsounds. (000000004139FA38)
[LOG] SoundI::release                          :     (null) (00000000315AD728)
[LOG] SoundI::release                          : release codec. (000000004139FA38)
[LOG] SoundI::release                          : (null) (000000004139EA68)
[LOG] SoundI::release                          : release subsounds. (000000004139EA68)
[LOG] SoundI::release                          :     (null) (00000000315AD598)
[LOG] SoundI::release                          : release codec. (000000004139EA68)
[LOG] SoundI::release                          : (null) (000000004139FD18)
[LOG] SoundI::release                          : release subsounds. (000000004139FD18)
[LOG] SoundI::release                          :     (null) (00000000315AD408)
[LOG] SoundI::release                          : release codec. (000000004139FD18)
[LOG] SoundI::release                          : (null) (000000004139E1C8)
[LOG] SoundI::release                          : release subsounds. (000000004139E1C8)
[LOG] SoundI::release                          :     (null) (00000000315AD8B8)
[LOG] SoundI::release                          : release codec. (000000004139E1C8)
[LOG] SoundI::release                          : (null) (000000004139F308)
[LOG] SoundI::release                          : release subsounds. (000000004139F308)
[LOG] SoundI::release                          :     (null) (00000000315ADD68)
[LOG] SoundI::release                          : release codec. (000000004139F308)
[LOG] SoundI::release                          : (null) (000000004139F5E8)
[LOG] SoundI::release                          : release subsounds. (000000004139F5E8)
[LOG] SoundI::release                          :     (null) (00000000315ADA48)
[LOG] SoundI::release                          : release codec. (000000004139F5E8)
[LOG] SoundI::release                          : (null) (000000004139F478)
[LOG] SoundI::release                          : release subsounds. (000000004139F478)
[LOG] SoundI::release                          :     (null) (00000000315ADEF8)
[LOG] SoundI::release                          : release codec. (000000004139F478)
[LOG] SoundI::release                          : (null) (000000004139E618)
[LOG] SoundI::release                          : release subsounds. (000000004139E618)
[LOG] SoundI::release                          :     (null) (00000000315ADBD8)
[LOG] SoundI::release                          : release codec. (000000004139E618)
[LOG] Thread::callback                         : * FMOD Studio update thread finished
[LOG] Thread::close                            : FMOD Studio update thread thread destroyed
[LOG] Thread::callback                         : * FMOD Studio bank load thread finished
[LOG] Thread::close                            : FMOD Studio bank load thread thread destroyed
[LOG] Profile::disconnectAll                   : Profiler disconnecting all clients
[LOG] Thread::callback                         : * FMOD Studio sample load thread finished
[LOG] Thread::close                            : FMOD Studio sample load thread thread destroyed
[LOG] LiveUpdate::release                      : 
[LOG] SystemI::close                           : 
[LOG] SystemI::close                           : Stop all sounds
[LOG] Thread::callback                         : * FMOD stream thread finished
[LOG] Thread::close                            : FMOD stream thread thread destroyed
[LOG] SystemI::close                           : Stream thread destroyed
[LOG] Thread::callback                         : * FMOD mixer thread finished
[LOG] Thread::close                            : FMOD mixer thread thread destroyed
[LOG] SystemI::close                           : Free master channel group.
[LOG] SystemI::close                           : Remove 'master' sound group.
[LOG] SystemI::close                           : Free software output.
[LOG] SystemI::close                           : Free emulated output.
[LOG] SystemI::close                           : Free channel pool.
[LOG] Thread::callback                         : * FMOD nonblocking thread (0) finished
[LOG] Thread::close                            : FMOD nonblocking thread (0) thread destroyed
[LOG] Thread::callback                         : * FMOD file thread finished
[LOG] Thread::close                            : FMOD file thread thread destroyed
[LOG] SystemI::close                           : done.

