[LOG] System::create                           : Header version = 1.07.05. Current version = 1.07.05.
[LOG] SystemI::init                            : FMOD Studio Version: 00010705 (71238)
[LOG] SystemI::init                            : maxchannels = 256, flags = 00020000, extradriverdata = 0000000000000000
[LOG] SystemI::close                           : 
[LOG] SystemI::close                           : Stop all sounds
[LOG] SystemI::close                           : Remove miscllaneous DSP stuff.
[LOG] SystemI::close                           : done.

[LOG] OutputWASAPI::init                       : Mix Format (WAVEFORMATEX): wFormatTag=0xFFFE, nChannels=2, nSamplesPerSec=44100, nAvgBytesPerSec=352800, nBlockAlign=8, wBitsPerSample=32, cbSize=22.
[LOG] OutputWASAPI::init                       : Mix Format (WAVEFORMATEXTENSIBLE): wValidBitsPerSample=32, dwChannelMask=0x00000003, SubFormat=00000003-0000-0010-8000-00AA00389B71.
[WRN] SystemI::init                            : Output requires a sample rate of 44100Hz, resampling will occur.
[LOG] Thread::initThread                       : Initializing FMOD (WASAPI) feeder thread.  priority 0
[LOG] Thread::initThread                       : - Stacksize 0.  Stack pointer 0000000000000000 : usesemaphore = 0 : sleeptime = 0
[LOG] Thread::callback                         : * FMOD (WASAPI) feeder thread started
[LOG] Thread::initThread                       : Initializing FMOD mixer thread.  priority 2
[LOG] OutputWASAPI::feederUpdate               : WASAPI feeder thread set to 'Audio' characteristic
[LOG] Thread::initThread                       : - Stacksize 49152.  Stack pointer 0000000000000000 : usesemaphore = 1 : sleeptime = 0
[LOG] Thread::callback                         : * FMOD mixer thread started
[LOG] SystemI::init                            : Set up emulated output
[LOG] SystemI::init                            : create the channel pool
[LOG] SystemI::init                            : Set up streamer
[LOG] Thread::initThread                       : Initializing FMOD stream thread.  priority 2
[LOG] Thread::initThread                       : - Stacksize 65536.  Stack pointer 0000000000000000 : usesemaphore = 0 : sleeptime = 10
[LOG] Thread::callback                         : * FMOD stream thread started
[LOG] Thread::initThread                       : Initializing FMOD Studio load thread.  priority 0
[LOG] Thread::initThread                       : - Stacksize 65536.  Stack pointer 0000000000000000 : usesemaphore = 0 : sleeptime = 1
[LOG] Thread::callback                         : * FMOD Studio load thread started
[LOG] Manager::readBank                        : fileversion = 68, compatVersion = 68 (oldest = 44, newest = 68)
[LOG] Manager::readBank                        : fileversion = 68, compatVersion = 68 (oldest = 44, newest = 68)
[LOG] Manager::readBank                        : fileversion = 68, compatVersion = 68 (oldest = 44, newest = 68)
[LOG] Manager::readBank                        : fileversion = 68, compatVersion = 68 (oldest = 44, newest = 68)
[LOG] Manager::readBank                        : fileversion = 68, compatVersion = 68 (oldest = 44, newest = 68)
[LOG] Manager::readBank                        : fileversion = 68, compatVersion = 68 (oldest = 44, newest = 68)
[LOG] Manager::readBank                        : fileversion = 68, compatVersion = 68 (oldest = 44, newest = 68)
[LOG] Manager::readBank                        : fileversion = 68, compatVersion = 68 (oldest = 44, newest = 68)
[LOG] Manager::finishLoadBank                  : Bank with guid {c7bb313f-044f-4da3-84d2-1d939ab3804e} has already been loaded[LOG] SystemI::createSound                     : filename = ./..\FMOD\ClassPrj\Build\Desktop\Bank_SFX.bank : mode 0a010202
[LOG] SystemI::createSound                     : FMOD_NONBLOCKING specified.  Putting into queue to be opened asynchronously!
[LOG] OutputSoftware::createSample             : lengthpcm 0, lengthbytes 0, channels 0, format 0, freq 0, mode 00000000
[LOG] Thread::initThread                       : Initializing FMOD nonblocking thread (0).  priority 1
[LOG] Thread::initThread                       : - Stacksize 81920.  Stack pointer 0000000000000000 : usesemaphore = 1 : sleeptime = 0
[LOG] Thread::callback                         : * FMOD nonblocking thread (0) started
[LOG] SystemI::createSound                     : setdata soundi = 0000000044C080E8 : node = 0000000037F33AE0
[LOG] SystemI::createSound                     : add node to async list : head = 0000000044C083F0.  list count = 0
[LOG] SystemI::createSound                     : filename = ./..\FMOD\ClassPrj\Build\Desktop\Bank_SFX.bank : mode 0a010202
[LOG] AsyncThread::threadFunc                  : Starting Asynchronous operation on sound 0000000044C080E8
[LOG] SystemI::createSound                     : FMOD_NONBLOCKING specified.  Putting into queue to be opened asynchronously!
[LOG] SystemI::createSoundInternal             :     filename = ./..\FMOD\ClassPrj\Build\Desktop\Bank_SFX.bank : mode 0a010202
[LOG] OutputSoftware::createSample             :     lengthpcm 0, lengthbytes 0, channels 0, format 0, freq 0, mode 00000000
[LOG] SystemI::createSoundInternal             :     exinfo->cbsize             = 216
[LOG] SystemI::createSound                     :     setdata soundi = 0000000044C08448 : node = 0000000037F33720
[LOG] SystemI::createSoundInternal             :     exinfo->length             = 1200736
[LOG] SystemI::createSound                     :     add node to async list : head = 0000000044C083F0.  list count = 0
[LOG] SystemI::createSoundInternal             :     exinfo->fileoffset         = 43008
[LOG] SystemI::createSoundInternal             :     exinfo->numsubsounds       = 1
ild\Desktop\Bank_SFX.bank : mode 0a010202
[LOG] SystemI::createSoundInternal             :     exinfo->inclusionlist      = 0000000037F33BE8
 to be opened asynchronously!
[LOG] OutputSoftware::createSample             :     lengthpcm 0, lengthbytes 0, channels 0, format 0, freq 0, mode 00000000
[LOG] SystemI::createSoundInternal             :     exinfo->inclusionlistnum   = 1
[LOG] SystemI::createSound                     :     setdata soundi = 0000000044C099F8 : node = 0000000037F33FE0
[LOG] SystemI::createSoundInternal             :     exinfo->suggestedsoundtype = 5
[LOG] SystemI::createSound                     :     add node to async list : head = 0000000044C083F0.  list count = 1
[LOG] SystemI::createSoundInternal             :     exinfo->initialseekpostype = 1
[LOG] SystemI::createSound                     :     filename = ./..\FMOD\ClassPrj\Build\Desktop\Bank_SFX.bank : mode 0a010202
[LOG] SystemI::createSound                     :     FMOD_NONBLOCKING specified.  Putting into queue to be opened asynchronously!
[LOG] OutputSoftware::createSample             :     lengthpcm 0, lengthbytes 0, channels 0, format 0, freq 0, mode 00000000
[LOG] SystemI::createSound                     :     setdata soundi = 0000000044C11648 : node = 0000000037F34120
[LOG] SystemI::createSound                     :     add node to async list : head = 0000000044C083F0.  list count = 2
[LOG] SystemI::createSound                     :     filename = ./..\FMOD\ClassPrj\Build\Desktop\Bank_SFX.bank : mode 0a010202
[LOG] SystemI::createSound                     :     FMOD_NONBLOCKING specified.  Putting into queue to be opened asynchronously!
[LOG] SystemI::createSoundInternal             :     Create as FMOD_CREATESAMPLE
[LOG] OutputSoftware::createSample             :     lengthpcm 0, lengthbytes 0, channels 0, format 0, freq 0, mode 00000000
[LOG] SystemI::createSoundInternal             :     Multi-sample sound (1 subsounds), create a sample container.
[LOG] SystemI::createSound                     :     setdata soundi = 0000000044CA4738 : node = 0000000037F33860
[LOG] SystemI::createSoundInternal             :     creating subsound 0/1
[LOG] SystemI::createSound                     :     add node to async list : head = 0000000044C083F0.  list count = 3
[LOG] SystemI::createSound                     :     filename = ./..\FMOD\ClassPrj\Build\Desktop\Bank_SFX.bank : mode 0a010202
[LOG] SystemI::createSample                    :     channels = 2
[LOG] SystemI::createSound                     :     FMOD_NONBLOCKING specified.  Putting into queue to be opened asynchronously!
[LOG] SystemI::createSample                    :     output = 000000003675B048
[LOG] OutputSoftware::createSample             :     lengthpcm 0, lengthbytes 0, channels 0, format 0, freq 0, mode 00000000
[LOG] OutputSoftware::createSample             :     lengthpcm 984107, lengthbytes 184576, channels 2, format 2, freq 48000, mode 0a01020a
[LOG] SystemI::createSound                     :     setdata soundi = 0000000036667C18 : node = 0000000037F34260
[LOG] SystemI::createSound                     :     add node to async list : head = 0000000044C083F0.  list count = 4
[LOG] SystemI::createSoundInternal             :     done.  OpenState now = FMOD_OPENSTATE_READY.

[LOG] AsyncThread::threadFunc                  : Finished Asynchronous operation on sound 0000000044C080E8
[LOG] AsyncThread::threadFunc                  : Starting Asynchronous operation on sound 0000000044C08448
[LOG] SystemI::createSoundInternal             :     filename = ./..\FMOD\ClassPrj\Build\Desktop\Bank_SFX.bank : mode 0a010202
[LOG] SystemI::createSoundInternal             :     exinfo->cbsize             = 216
[LOG] SystemI::createSoundInternal             :     exinfo->length             = 1200736
[LOG] SystemI::createSoundInternal             :     exinfo->fileoffset         = 43008
[LOG] SystemI::createSoundInternal             :     exinfo->numsubsounds       = 1
[LOG] SystemI::createSoundInternal             :     exinfo->inclusionlist      = 0000000037F33828
[LOG] SystemI::createSoundInternal             :     exinfo->inclusionlistnum   = 1
[LOG] SystemI::createSoundInternal             :     exinfo->suggestedsoundtype = 5
[LOG] SystemI::createSoundInternal             :     exinfo->initialseekpostype = 1
[LOG] SystemI::createSoundInternal             :     Format has 1 subsounds.
[LOG] SystemI::createSoundInternal             :     Create as FMOD_CREATESAMPLE
[LOG] SystemI::createSoundInternal             :     Multi-sample sound (1 subsounds), create a sample container.
[LOG] SystemI::createSoundInternal             :     creating subsound 0/1
[LOG] SystemI::createSample                    :     mode 0a010202 length 647912 samples, lengthbytes 120128
[LOG] SystemI::createSample                    :     channels = 2
[LOG] SystemI::createSample                    :     output = 000000003675B048
[LOG] OutputSoftware::createSample             :     lengthpcm 647912, lengthbytes 120128, channels 2, format 2, freq 48000, mode 0a01020a
[LOG] SystemI::createSoundInternal             :     done.  OpenState now = FMOD_OPENSTATE_READY.

[LOG] AsyncThread::threadFunc                  : Finished Asynchronous operation on sound 0000000044C08448
[LOG] AsyncThread::threadFunc                  : Starting Asynchronous operation on sound 0000000044C099F8
[LOG] SystemI::createSoundInternal             :     filename = ./..\FMOD\ClassPrj\Build\Desktop\Bank_SFX.bank : mode 0a010202
[LOG] SystemI::createSoundInternal             :     exinfo->cbsize             = 216
[LOG] SystemI::createSoundInternal             :     exinfo->length             = 1200736
[LOG] SystemI::createSoundInternal             :     exinfo->fileoffset         = 43008
[LOG] SystemI::createSoundInternal             :     exinfo->numsubsounds       = 1
[LOG] SystemI::createSoundInternal             :     exinfo->inclusionlist      = 0000000037F340E8
[LOG] SystemI::createSoundInternal             :     exinfo->inclusionlistnum   = 1
[LOG] SystemI::createSoundInternal             :     exinfo->suggestedsoundtype = 5
[LOG] SystemI::createSoundInternal             :     exinfo->initialseekpostype = 1
[LOG] SystemI::createSoundInternal             :     Format has 1 subsounds.
[LOG] SystemI::createSoundInternal             :     Create as FMOD_CREATESAMPLE
[LOG] SystemI::createSoundInternal             :     Multi-sample sound (1 subsounds), create a sample container.
[LOG] SystemI::createSoundInternal             :     creating subsound 0/1
[LOG] SystemI::createSample                    :     mode 0a010202 length 908043 samples, lengthbytes 170112
[LOG] SystemI::createSample                    :     channels = 2
[LOG] SystemI::createSample                    :     output = 000000003675B048
[LOG] OutputSoftware::createSample             :     lengthpcm 908043, lengthbytes 170112, channels 2, format 2, freq 48000, mode 0a01020a
[LOG] SystemI::createSoundInternal             :     done.  OpenState now = FMOD_OPENSTATE_READY.

[LOG] AsyncThread::threadFunc                  : Finished Asynchronous operation on sound 0000000044C099F8
[LOG] AsyncThread::threadFunc                  : Starting Asynchronous operation on sound 0000000044C11648
[LOG] SystemI::createSoundInternal             :     filename = ./..\FMOD\ClassPrj\Build\Desktop\Bank_SFX.bank : mode 0a010202
[LOG] SystemI::createSoundInternal             :     exinfo->cbsize             = 216
[LOG] SystemI::createSoundInternal             :     exinfo->length             = 1200736
[LOG] SystemI::createSoundInternal             :     exinfo->fileoffset         = 43008
[LOG] SystemI::createSoundInternal             :     exinfo->numsubsounds       = 1
[LOG] SystemI::createSoundInternal             :     exinfo->inclusionlist      = 0000000037F34228
[LOG] SystemI::createSoundInternal             :     exinfo->inclusionlistnum   = 1
[LOG] SystemI::createSoundInternal             :     exinfo->suggestedsoundtype = 5
[LOG] SystemI::createSoundInternal             :     exinfo->initialseekpostype = 1
[LOG] SystemI::createSoundInternal             :     Format has 1 subsounds.
[LOG] SystemI::createSoundInternal             :     Create as FMOD_CREATESAMPLE
[LOG] SystemI::createSoundInternal             :     Multi-sample sound (1 subsounds), create a sample container.
[LOG] SystemI::createSoundInternal             :     creating subsound 0/1
[LOG] SystemI::createSample                    :     mode 0a010202 length 850201 samples, lengthbytes 233440
[LOG] SystemI::createSample                    :     channels = 2
[LOG] SystemI::createSample                    :     output = 000000003675B048
[LOG] OutputSoftware::createSample             :     lengthpcm 850201, lengthbytes 233440, channels 2, format 2, freq 48000, mode 0a01020a
[LOG] SystemI::createSoundInternal             :     done.  OpenState now = FMOD_OPENSTATE_READY.

[LOG] AsyncThread::threadFunc                  : Finished Asynchronous operation on sound 0000000044C11648
[LOG] AsyncThread::threadFunc                  : Starting Asynchronous operation on sound 0000000044CA4738
[LOG] SystemI::createSoundInternal             :     filename = ./..\FMOD\ClassPrj\Build\Desktop\Bank_SFX.bank : mode 0a010202
[LOG] SystemI::createSoundInternal             :     exinfo->cbsize             = 216
[LOG] SystemI::createSoundInternal             :     exinfo->length             = 1200736
[LOG] SystemI::createSoundInternal             :     exinfo->fileoffset         = 43008
[LOG] SystemI::createSoundInternal             :     exinfo->numsubsounds       = 1
[LOG] SystemI::createSoundInternal             :     exinfo->inclusionlist      = 0000000037F33968
[LOG] SystemI::createSoundInternal             :     exinfo->inclusionlistnum   = 1
[LOG] SystemI::createSoundInternal             :     exinfo->suggestedsoundtype = 5
[LOG] SystemI::createSoundInternal             :     exinfo->initialseekpostype = 1
[LOG] SystemI::createSoundInternal             :     Format has 1 subsounds.
[LOG] SystemI::createSoundInternal             :     Create as FMOD_CREATESAMPLE
[LOG] SystemI::createSoundInternal             :     Multi-sample sound (1 subsounds), create a sample container.
[LOG] SystemI::createSoundInternal             :     creating subsound 0/1
[LOG] SystemI::createSample                    :     mode 0a010202 length 176650 samples, lengthbytes 35168
[LOG] SystemI::createSample                    :     channels = 2
[LOG] SystemI::createSample                    :     output = 000000003675B048
[LOG] OutputSoftware::createSample             :     lengthpcm 176650, lengthbytes 35168, channels 2, format 2, freq 48000, mode 0a01020a
[LOG] SystemI::createSoundInternal             :     done.  OpenState now = FMOD_OPENSTATE_READY.

[LOG] AsyncThread::threadFunc                  : Finished Asynchronous operation on sound 0000000044CA4738
[LOG] AsyncThread::threadFunc                  : Starting Asynchronous operation on sound 0000000036667C18
[LOG] SystemI::createSoundInternal             :     filename = ./..\FMOD\ClassPrj\Build\Desktop\Bank_SFX.bank : mode 0a010202
[LOG] SystemI::createSoundInternal             :     exinfo->cbsize             = 216
[LOG] SystemI::createSoundInternal             :     exinfo->length             = 1200736
[LOG] SystemI::createSoundInternal             :     exinfo->fileoffset         = 43008
[LOG] SystemI::createSoundInternal             :     exinfo->numsubsounds       = 1
[LOG] SystemI::createSoundInternal             :     exinfo->inclusionlist      = 0000000037F34368
[LOG] SystemI::createSoundInternal             :     exinfo->inclusionlistnum   = 1
[LOG] SystemI::createSoundInternal             :     exinfo->suggestedsoundtype = 5
[LOG] SystemI::createSoundInternal             :     exinfo->initialseekpostype = 1
[LOG] SystemI::createSoundInternal             :     Format has 1 subsounds.
[LOG] SystemI::createSoundInternal             :     Create as FMOD_CREATESAMPLE
[LOG] SystemI::createSoundInternal             :     Multi-sample sound (1 subsounds), create a sample container.
[LOG] SystemI::createSoundInternal             :     creating subsound 0/1
[LOG] SystemI::createSample                    :     mode 0a010202 length 744475 samples, lengthbytes 204480
[LOG] SystemI::createSample                    :     channels = 2
[LOG] SystemI::createSample                    :     output = 000000003675B048
[LOG] OutputSoftware::createSample             :     lengthpcm 744475, lengthbytes 204480, channels 2, format 2, freq 48000, mode 0a01020a
[LOG] SystemI::createSoundInternal             :     done.  OpenState now = FMOD_OPENSTATE_READY.

[LOG] AsyncThread::threadFunc                  : Finished Asynchronous operation on sound 0000000036667C18
[LOG] SoundI::release                          : (null) (0000000044C080E8)
[LOG] SoundI::release                          : release subsounds. (0000000044C080E8)
[LOG] SoundI::release                          :     (null) (0000000037F904A8)
[LOG] SoundI::release                          : release codec. (0000000044C080E8)
[LOG] SoundI::release                          : (null) (0000000044C08448)
[LOG] SoundI::release                          : release subsounds. (0000000044C08448)
[LOG] SoundI::release                          :     (null) (0000000036668248)
[LOG] SoundI::release                          : release codec. (0000000044C08448)
[LOG] SoundI::release                          : (null) (0000000044C099F8)
[LOG] SoundI::release                          : release subsounds. (0000000044C099F8)
[LOG] SoundI::release                          :     (null) (0000000044C0A3A8)
[LOG] SoundI::release                          : release codec. (0000000044C099F8)
[LOG] SoundI::release                          : (null) (0000000044CA4738)
[LOG] SoundI::release                          : release subsounds. (0000000044CA4738)
[LOG] SoundI::release                          :     (null) (0000000037F258A8)
[LOG] SoundI::release                          : release codec. (0000000044CA4738)
[LOG] SoundI::release                          : (null) (0000000036667C18)
[LOG] SoundI::release                          : release subsounds. (0000000036667C18)
[LOG] SoundI::release                          :     (null) (0000000037F25C78)
[LOG] SoundI::release                          : release codec. (0000000036667C18)
[LOG] SoundI::release                          : (null) (0000000044C11648)
[LOG] SoundI::release                          : release subsounds. (0000000044C11648)
[LOG] SoundI::release                          :     (null) (0000000037F254D8)
[LOG] SoundI::release                          : release codec. (0000000044C11648)
[LOG] Manager::readBank                        : fileversion = 68, compatVersion = 68 (oldest = 44, newest = 68)
[LOG] Manager::finishLoadBank                  : Bank with guid {c7bb313f-044f-4da3-84d2-1d939ab3804e} has already been loaded[LOG] Manager::readBank                        : fileversion = 68, compatVersion = 68 (oldest = 44, newest = 68)
[LOG] Manager::finishLoadBank                  : Bank with guid {c7bb313f-044f-4da3-84d2-1d939ab3804e} has already been loaded[LOG] SystemI::createSound                     : filename = ./..\FMOD\ClassPrj\Build\Desktop\Bank_SFX.bank : mode 0a010202
[LOG] SystemI::createSound                     : FMOD_NONBLOCKING specified.  Putting into queue to be opened asynchronously!
[LOG] OutputSoftware::createSample             : lengthpcm 0, lengthbytes 0, channels 0, format 0, freq 0, mode 00000000
[LOG] SystemI::createSound                     : setdata soundi = 00000000366666B8 : node = 000000003801BEC0
[LOG] SystemI::createSound                     : add node to async list : head = 0000000044C083F0.  list count = 0
[LOG] SystemI::createSound                     : filename = ./..\FMOD\ClassPrj\Build\Desktop\Bank_SFX.bank : mode 0a010202
[LOG] SystemI::createSoundInternal             :     filename = ./..\FMOD\ClassPrj\Build\Desktop\Bank_SFX.bank : mode 0a010202
[LOG] SystemI::createSound                     :     FMOD_NONBLOCKING specified.  Putting into queue to be opened asynchronously!
[LOG] SystemI::createSoundInternal             :     exinfo->cbsize             = 216
[LOG] OutputSoftware::createSample             :     lengthpcm 0, lengthbytes 0, channels 0, format 0, freq 0, mode 00000000
[LOG] SystemI::createSoundInternal             :     exinfo->length             = 1200736
[LOG] SystemI::createSound                     :     setdata soundi = 000000003801CD28 : node = 000000003801CB40
[LOG] SystemI::createSoundInternal             :     exinfo->fileoffset         = 43008
[LOG] SystemI::createSound                     :     add node to async list : head = 0000000044C083F0.  list count = 0
[LOG] SystemI::createSoundInternal             :     exinfo->numsubsounds       = 1
[LOG] SystemI::createSound                     :     filename = ./..\FMOD\ClassPrj\Build\Desktop\Bank_SFX.bank : mode 0a010202
[LOG] SystemI::createSoundInternal             :     exinfo->inclusionlist      = 000000003801BFC8
[LOG] SystemI::createSound                     :     FMOD_NONBLOCKING specified.  Putting into queue to be opened asynchronously!
[LOG] SystemI::createSoundInternal             :     exinfo->inclusionlistnum   = 1
[LOG] SystemI::createSoundInternal             :     exinfo->suggestedsoundtype = 5
nels 0, format 0, freq 0, mode 00000000
[LOG] SystemI::createSound                     :     setdata soundi = 0000000044C10E28 : node = 000000003801C000
[LOG] SystemI::createSoundInternal             :     exinfo->initialseekpostype = 1
[LOG] SystemI::createSound                     :     add node to async list : head = 0000000044C083F0.  list count = 1
[LOG] SystemI::createSound                     :     filename = ./..\FMOD\ClassPrj\Build\Desktop\Bank_SFX.bank : mode 0a010202
[LOG] SystemI::createSound                     :     FMOD_NONBLOCKING specified.  Putting into queue to be opened asynchronously!
[LOG] OutputSoftware::createSample             :     lengthpcm 0, lengthbytes 0, channels 0, format 0, freq 0, mode 00000000
[LOG] SystemI::createSound                     :     setdata soundi = 0000000037F015B8 : node = 000000003801C140
[LOG] SystemI::createSoundInternal             :     Format has 1 subsounds.
[LOG] SystemI::createSound                     :     add node to async list : head = 0000000044C083F0.  list count = 2
[LOG] SystemI::createSoundInternal             :     Create as FMOD_CREATESAMPLE
[LOG] SystemI::createSound                     :     filename = ./..\FMOD\ClassPrj\Build\Desktop\Bank_SFX.bank : mode 0a010202
[LOG] SystemI::createSoundInternal             :     Multi-sample sound (1 subsounds), create a sample container.
[LOG] SystemI::createSound                     :     FMOD_NONBLOCKING specified.  Putting into queue to be opened asynchronously!
[LOG] SystemI::createSoundInternal             :     creating subsound 0/1
[LOG] OutputSoftware::createSample             :     lengthpcm 0, lengthbytes 0, channels 0, format 0, freq 0, mode 00000000
[LOG] SystemI::createSample                    :     mode 0a010202 length 24000 samples, lengthbytes 5280
[LOG] SystemI::createSample                    :     channels = 2
 = 0000000044C11418 : node = 000000003801BD80
[LOG] SystemI::createSound                     :     add node to async list : head = 0000000044C083F0.  list count = 3
[LOG] SystemI::createSample                    :     output = 000000003675B048
[LOG] SystemI::createSound                     :     filename = ./..\FMOD\ClassPrj\Build\Desktop\Bank_SFX.bank : mode 0a010202
[LOG] OutputSoftware::createSample             :     lengthpcm 24000, lengthbytes 5280, channels 2, format 2, freq 48000, mode 0a01020a
[LOG] SystemI::createSound                     :     FMOD_NONBLOCKING specified.  Putting into queue to be opened asynchronously!
[LOG] SystemI::createSoundInternal             :     done.  OpenState now = FMOD_OPENSTATE_READY.

[LOG] OutputSoftware::createSample             :     lengthpcm 0, lengthbytes 0, channels 0, format 0, freq 0, mode 00000000
[LOG] AsyncThread::threadFunc                  : Finished Asynchronous operation on sound 00000000366666B8
[LOG] SystemI::createSound                     : setdata soundi = 0000000044C10FB8 : node = 000000003801CA00
[LOG] AsyncThread::threadFunc                  : Starting Asynchronous operation on sound 000000003801CD28
[LOG] SystemI::createSound                     : add node to async list : head = 0000000044C083F0.  list count = 3
[LOG] SystemI::createSoundInternal             :     filename = ./..\FMOD\ClassPrj\Build\Desktop\Bank_SFX.bank : mode 0a010202
[LOG] SystemI::createSound                     :     filename = ./..\FMOD\ClassPrj\Build\Desktop\Bank_SFX.bank : mode 0a010202
[LOG] SystemI::createSoundInternal             :     exinfo->cbsize             = 216
[LOG] SystemI::createSoundInternal             :     exinfo->length             = 1200736
nto queue to be opened asynchronously!
[LOG] SystemI::createSoundInternal             :     exinfo->fileoffset         = 43008
 0, format 0, freq 0, mode 00000000
[LOG] SystemI::createSound                     :     setdata soundi = 0000000037F29068 : node = 000000003801C3C0
[LOG] SystemI::createSoundInternal             :     exinfo->numsubsounds       = 1
[LOG] SystemI::createSound                     :     add node to async list : head = 0000000044C083F0.  list count = 4
[LOG] SystemI::createSoundInternal             :     exinfo->inclusionlist      = 000000003801CC48
[LOG] SystemI::createSound                     :     filename = ./..\FMOD\ClassPrj\Build\Desktop\Bank_SFX.bank : mode 0a010202
[LOG] SystemI::createSoundInternal             :     exinfo->suggestedsoundtype = 5
[LOG] SystemI::createSound                     :     FMOD_NONBLOCKING specified.  Putting into queue to be opened asynchronously!
[LOG] SystemI::createSoundInternal             :     exinfo->initialseekpostype = 1
[LOG] OutputSoftware::createSample             :     lengthpcm 0, lengthbytes 0, channels 0, format 0, freq 0, mode 00000000
[LOG] SystemI::createSound                     :     setdata soundi = 0000000044C06868 : node = 000000003801C500
[LOG] SystemI::createSoundInternal             :     Format has 1 subsounds.
[LOG] SystemI::createSound                     :     add node to async list : head = 0000000044C083F0.  list count = 5
[LOG] SystemI::createSoundInternal             :     Create as FMOD_CREATESAMPLE
[LOG] SystemI::createSound                     :     filename = ./..\FMOD\ClassPrj\Build\Desktop\Bank_SFX.bank : mode 0a010202
[LOG] SystemI::createSoundInternal             :     Multi-sample sound (1 subsounds), create a sample container.
[LOG] SystemI::createSound                     :     FMOD_NONBLOCKING specified.  Putting into queue to be opened asynchronously!
[LOG] SystemI::createSoundInternal             :     creating subsound 0/1
[LOG] OutputSoftware::createSample             :     lengthpcm 0, lengthbytes 0, channels 0, format 0, freq 0, mode 00000000
[LOG] SystemI::createSample                    :     mode 0a010202 length 24000 samples, lengthbytes 4768
[LOG] SystemI::createSample                    :     channels = 2
 = 0000000044C069F8 : node = 000000003801C640
[LOG] SystemI::createSound                     :     add node to async list : head = 0000000044C083F0.  list count = 6
[LOG] SystemI::createSample                    :     output = 000000003675B048
[LOG] SystemI::createSound                     :     filename = ./..\FMOD\ClassPrj\Build\Desktop\Bank_SFX.bank : mode 0a010202
[LOG] OutputSoftware::createSample             :     lengthpcm 24000, lengthbytes 4768, channels 2, format 2, freq 48000, mode 0a01020a
[LOG] SystemI::createSound                     :     FMOD_NONBLOCKING specified.  Putting into queue to be opened asynchronously!
[LOG] SystemI::createSoundInternal             :     done.  OpenState now = FMOD_OPENSTATE_READY.

[LOG] OutputSoftware::createSample             :     lengthpcm 0, lengthbytes 0, channels 0, format 0, freq 0, mode 00000000
[LOG] AsyncThread::threadFunc                  : Finished Asynchronous operation on sound 000000003801CD28
[LOG] SystemI::createSound                     : setdata soundi = 0000000044C07FD8 : node = 000000003801C280
[LOG] AsyncThread::threadFunc                  : Starting Asynchronous operation on sound 0000000044C10E28
[LOG] SystemI::createSound                     : add node to async list : head = 0000000044C083F0.  list count = 6
[LOG] SystemI::createSoundInternal             :     filename = ./..\FMOD\ClassPrj\Build\Desktop\Bank_SFX.bank : mode 0a010202
[LOG] SystemI::createSound                     :     filename = ./..\FMOD\ClassPrj\Build\Desktop\Bank_SFX.bank : mode 0a010202
[LOG] SystemI::createSoundInternal             :     exinfo->cbsize             = 216
[LOG] SystemI::createSound                     :     FMOD_NONBLOCKING specified.  Putting into queue to be opened asynchronously!
[LOG] SystemI::createSoundInternal             :     exinfo->length             = 1200736
[LOG] OutputSoftware::createSample             :     lengthpcm 0, lengthbytes 0, channels 0, format 0, freq 0, mode 00000000
[LOG] SystemI::createSoundInternal             :     exinfo->fileoffset         = 43008
[LOG] SystemI::createSound                     :     setdata soundi = 0000000037F291F8 : node = 000000003801C780
[LOG] SystemI::createSoundInternal             :     exinfo->numsubsounds       = 1
[LOG] SystemI::createSound                     :     add node to async list : head = 0000000044C083F0.  list count = 7
[LOG] SystemI::createSoundInternal             :     exinfo->inclusionlist      = 000000003801C108
[LOG] SystemI::createSoundInternal             :     exinfo->inclusionlistnum   = 1
[LOG] SystemI::createSoundInternal             :     exinfo->suggestedsoundtype = 5
[LOG] SystemI::createSoundInternal             :     exinfo->initialseekpostype = 1
[LOG] SystemI::createSoundInternal             :     Format has 1 subsounds.
[LOG] SystemI::createSoundInternal             :     Create as FMOD_CREATESAMPLE
[LOG] SystemI::createSoundInternal             :     Multi-sample sound (1 subsounds), create a sample container.
[LOG] SystemI::createSoundInternal             :     creating subsound 0/1
[LOG] SystemI::createSample                    :     mode 0a010202 length 24000 samples, lengthbytes 5312
[LOG] SystemI::createSample                    :     channels = 2
[LOG] SystemI::createSample                    :     output = 000000003675B048
[LOG] OutputSoftware::createSample             :     lengthpcm 24000, lengthbytes 5312, channels 2, format 2, freq 48000, mode 0a01020a
[LOG] SystemI::createSoundInternal             :     done.  OpenState now = FMOD_OPENSTATE_READY.

[LOG] AsyncThread::threadFunc                  : Finished Asynchronous operation on sound 0000000044C10E28
[LOG] AsyncThread::threadFunc                  : Starting Asynchronous operation on sound 0000000037F015B8
[LOG] SystemI::createSoundInternal             :     filename = ./..\FMOD\ClassPrj\Build\Desktop\Bank_SFX.bank : mode 0a010202
[LOG] SystemI::createSoundInternal             :     exinfo->cbsize             = 216
[LOG] SystemI::createSoundInternal             :     exinfo->length             = 1200736
[LOG] SystemI::createSoundInternal             :     exinfo->fileoffset         = 43008
[LOG] SystemI::createSoundInternal             :     exinfo->numsubsounds       = 1
[LOG] SystemI::createSoundInternal             :     exinfo->inclusionlist      = 000000003801C248
[LOG] SystemI::createSoundInternal             :     exinfo->inclusionlistnum   = 1
[LOG] SystemI::createSoundInternal             :     exinfo->suggestedsoundtype = 5
[LOG] SystemI::createSoundInternal             :     exinfo->initialseekpostype = 1
[LOG] SystemI::createSoundInternal             :     Format has 1 subsounds.
[LOG] SystemI::createSoundInternal             :     Create as FMOD_CREATESAMPLE
[LOG] SystemI::createSoundInternal             :     Multi-sample sound (1 subsounds), create a sample container.
[LOG] SystemI::createSoundInternal             :     creating subsound 0/1
[LOG] SystemI::createSample                    :     mode 0a010202 length 24000 samples, lengthbytes 5088
[LOG] SystemI::createSample                    :     channels = 2
[LOG] SystemI::createSample                    :     output = 000000003675B048
[LOG] OutputSoftware::createSample             :     lengthpcm 24000, lengthbytes 5088, channels 2, format 2, freq 48000, mode 0a01020a
[LOG] SystemI::createSoundInternal             :     done.  OpenState now = FMOD_OPENSTATE_READY.

[LOG] AsyncThread::threadFunc                  : Finished Asynchronous operation on sound 0000000037F015B8
[LOG] AsyncThread::threadFunc                  : Starting Asynchronous operation on sound 0000000044C11418
[LOG] SystemI::createSoundInternal             :     filename = ./..\FMOD\ClassPrj\Build\Desktop\Bank_SFX.bank : mode 0a010202
[LOG] SystemI::createSoundInternal             :     exinfo->cbsize             = 216
[LOG] SystemI::createSoundInternal             :     exinfo->length             = 1200736
[LOG] SystemI::createSoundInternal             :     exinfo->fileoffset         = 43008
[LOG] SystemI::createSoundInternal             :     exinfo->numsubsounds       = 1
[LOG] SystemI::createSoundInternal             :     exinfo->inclusionlist      = 000000003801BE88
[LOG] SystemI::createSoundInternal             :     exinfo->inclusionlistnum   = 1
[LOG] SystemI::createSoundInternal             :     exinfo->suggestedsoundtype = 5
[LOG] SystemI::createSoundInternal             :     exinfo->initialseekpostype = 1
[LOG] SystemI::createSoundInternal             :     Format has 1 subsounds.
[LOG] SystemI::createSoundInternal             :     Create as FMOD_CREATESAMPLE
[LOG] SystemI::createSoundInternal             :     Multi-sample sound (1 subsounds), create a sample container.
[LOG] SystemI::createSoundInternal             :     creating subsound 0/1
[LOG] SystemI::createSample                    :     mode 0a010202 length 118297 samples, lengthbytes 31840
[LOG] SystemI::createSample                    :     channels = 2
[LOG] SystemI::createSample                    :     output = 000000003675B048
[LOG] OutputSoftware::createSample             :     lengthpcm 118297, lengthbytes 31840, channels 2, format 2, freq 48000, mode 0a01020a
[LOG] SystemI::createSoundInternal             :     done.  OpenState now = FMOD_OPENSTATE_READY.

[LOG] AsyncThread::threadFunc                  : Finished Asynchronous operation on sound 0000000044C11418
[LOG] AsyncThread::threadFunc                  : Starting Asynchronous operation on sound 0000000044C10FB8
[LOG] SystemI::createSoundInternal             :     filename = ./..\FMOD\ClassPrj\Build\Desktop\Bank_SFX.bank : mode 0a010202
[LOG] SystemI::createSoundInternal             :     exinfo->cbsize             = 216
[LOG] SystemI::createSoundInternal             :     exinfo->length             = 1200736
[LOG] SystemI::createSoundInternal             :     exinfo->fileoffset         = 43008
[LOG] SystemI::createSoundInternal             :     exinfo->numsubsounds       = 1
[LOG] SystemI::createSoundInternal             :     exinfo->inclusionlist      = 000000003801CB08
[LOG] SystemI::createSoundInternal             :     exinfo->inclusionlistnum   = 1
[LOG] SystemI::createSoundInternal             :     exinfo->suggestedsoundtype = 5
[LOG] SystemI::createSoundInternal             :     exinfo->initialseekpostype = 1
[LOG] SystemI::createSoundInternal             :     Format has 1 subsounds.
[LOG] SystemI::createSoundInternal             :     Create as FMOD_CREATESAMPLE
[LOG] SystemI::createSoundInternal             :     Multi-sample sound (1 subsounds), create a sample container.
[LOG] SystemI::createSoundInternal             :     creating subsound 0/1
[LOG] SystemI::createSample                    :     mode 0a010202 length 144339 samples, lengthbytes 39584
[LOG] SystemI::createSample                    :     channels = 2
[LOG] SystemI::createSample                    :     output = 000000003675B048
[LOG] OutputSoftware::createSample             :     lengthpcm 144339, lengthbytes 39584, channels 2, format 2, freq 48000, mode 0a01020a
[LOG] SystemI::createSoundInternal             :     done.  OpenState now = FMOD_OPENSTATE_READY.

[LOG] AsyncThread::threadFunc                  : Finished Asynchronous operation on sound 0000000044C10FB8
[LOG] AsyncThread::threadFunc                  : Starting Asynchronous operation on sound 0000000037F29068
[LOG] SystemI::createSoundInternal             :     filename = ./..\FMOD\ClassPrj\Build\Desktop\Bank_SFX.bank : mode 0a010202
[LOG] SystemI::createSoundInternal             :     exinfo->cbsize             = 216
[LOG] SystemI::createSoundInternal             :     exinfo->length             = 1200736
[LOG] SystemI::createSoundInternal             :     exinfo->fileoffset         = 43008
[LOG] SystemI::createSoundInternal             :     exinfo->numsubsounds       = 1
[LOG] SystemI::createSoundInternal             :     exinfo->inclusionlist      = 000000003801C4C8
[LOG] SystemI::createSoundInternal             :     exinfo->inclusionlistnum   = 1
[LOG] SystemI::createSoundInternal             :     exinfo->suggestedsoundtype = 5
[LOG] SystemI::createSoundInternal             :     exinfo->initialseekpostype = 1
[LOG] SystemI::createSoundInternal             :     Format has 1 subsounds.
[LOG] SystemI::createSoundInternal             :     Create as FMOD_CREATESAMPLE
[LOG] SystemI::createSoundInternal             :     Multi-sample sound (1 subsounds), create a sample container.
[LOG] SystemI::createSoundInternal             :     creating subsound 0/1
[LOG] SystemI::createSample                    :     mode 0a010202 length 120815 samples, lengthbytes 32608
[LOG] SystemI::createSample                    :     channels = 2
[LOG] SystemI::createSample                    :     output = 000000003675B048
[LOG] OutputSoftware::createSample             :     lengthpcm 120815, lengthbytes 32608, channels 2, format 2, freq 48000, mode 0a01020a
[LOG] SystemI::createSoundInternal             :     done.  OpenState now = FMOD_OPENSTATE_READY.

[LOG] AsyncThread::threadFunc                  : Finished Asynchronous operation on sound 0000000037F29068
[LOG] AsyncThread::threadFunc                  : Starting Asynchronous operation on sound 0000000044C06868
[LOG] SystemI::createSoundInternal             :     filename = ./..\FMOD\ClassPrj\Build\Desktop\Bank_SFX.bank : mode 0a010202
[LOG] SystemI::createSoundInternal             :     exinfo->cbsize             = 216
[LOG] SystemI::createSoundInternal             :     exinfo->length             = 1200736
[LOG] SystemI::createSoundInternal             :     exinfo->fileoffset         = 43008
[LOG] SystemI::createSoundInternal             :     exinfo->numsubsounds       = 1
[LOG] SystemI::createSoundInternal             :     exinfo->inclusionlist      = 000000003801C608
[LOG] SystemI::createSoundInternal             :     exinfo->inclusionlistnum   = 1
[LOG] SystemI::createSoundInternal             :     exinfo->suggestedsoundtype = 5
[LOG] SystemI::createSoundInternal             :     exinfo->initialseekpostype = 1
[LOG] SystemI::createSoundInternal             :     Format has 1 subsounds.
[LOG] SystemI::createSoundInternal             :     Create as FMOD_CREATESAMPLE
[LOG] SystemI::createSoundInternal             :     Multi-sample sound (1 subsounds), create a sample container.
[LOG] SystemI::createSoundInternal             :     creating subsound 0/1
[LOG] SystemI::createSample                    :     mode 0a010202 length 30508 samples, lengthbytes 6048
[LOG] SystemI::createSample                    :     channels = 2
[LOG] SystemI::createSample                    :     output = 000000003675B048
[LOG] OutputSoftware::createSample             :     lengthpcm 30508, lengthbytes 6048, channels 2, format 2, freq 48000, mode 0a01020a
[LOG] SystemI::createSoundInternal             :     done.  OpenState now = FMOD_OPENSTATE_READY.

[LOG] AsyncThread::threadFunc                  : Finished Asynchronous operation on sound 0000000044C06868
[LOG] AsyncThread::threadFunc                  : Starting Asynchronous operation on sound 0000000044C069F8
[LOG] SystemI::createSoundInternal             :     filename = ./..\FMOD\ClassPrj\Build\Desktop\Bank_SFX.bank : mode 0a010202
[LOG] SystemI::createSoundInternal             :     exinfo->cbsize             = 216
[LOG] SystemI::createSoundInternal             :     exinfo->length             = 1200736
[LOG] SystemI::createSoundInternal             :     exinfo->fileoffset         = 43008
[LOG] SystemI::createSoundInternal             :     exinfo->numsubsounds       = 1
[LOG] SystemI::createSoundInternal             :     exinfo->inclusionlist      = 000000003801C748
[LOG] SystemI::createSoundInternal             :     exinfo->inclusionlistnum   = 1
[LOG] SystemI::createSoundInternal             :     exinfo->suggestedsoundtype = 5
[LOG] SystemI::createSoundInternal             :     exinfo->initialseekpostype = 1
[LOG] SystemI::createSoundInternal             :     Format has 1 subsounds.
[LOG] SystemI::createSoundInternal             :     Create as FMOD_CREATESAMPLE
[LOG] SystemI::createSoundInternal             :     Multi-sample sound (1 subsounds), create a sample container.
[LOG] SystemI::createSoundInternal             :     creating subsound 0/1
[LOG] SystemI::createSample                    :     mode 0a010202 length 30551 samples, lengthbytes 5984
[LOG] SystemI::createSample                    :     channels = 2
[LOG] SystemI::createSample                    :     output = 000000003675B048
[LOG] OutputSoftware::createSample             :     lengthpcm 30551, lengthbytes 5984, channels 2, format 2, freq 48000, mode 0a01020a
[LOG] SystemI::createSoundInternal             :     done.  OpenState now = FMOD_OPENSTATE_READY.

[LOG] AsyncThread::threadFunc                  : Finished Asynchronous operation on sound 0000000044C069F8
[LOG] AsyncThread::threadFunc                  : Starting Asynchronous operation on sound 0000000044C07FD8
[LOG] SystemI::createSoundInternal             :     filename = ./..\FMOD\ClassPrj\Build\Desktop\Bank_SFX.bank : mode 0a010202
[LOG] SystemI::createSoundInternal             :     exinfo->cbsize             = 216
[LOG] SystemI::createSoundInternal             :     exinfo->length             = 1200736
[LOG] SystemI::createSoundInternal             :     exinfo->fileoffset         = 43008
[LOG] SystemI::createSoundInternal             :     exinfo->numsubsounds       = 1
[LOG] SystemI::createSoundInternal             :     exinfo->inclusionlist      = 000000003801C388
[LOG] SystemI::createSoundInternal             :     exinfo->inclusionlistnum   = 1
[LOG] SystemI::createSoundInternal             :     exinfo->suggestedsoundtype = 5
[LOG] SystemI::createSoundInternal             :     exinfo->initialseekpostype = 1
[LOG] SystemI::createSoundInternal             :     Format has 1 subsounds.
[LOG] SystemI::createSoundInternal             :     Create as FMOD_CREATESAMPLE
[LOG] SystemI::createSoundInternal             :     Multi-sample sound (1 subsounds), create a sample container.
[LOG] SystemI::createSoundInternal             :     creating subsound 0/1
[LOG] SystemI::createSample                    :     mode 0a010202 length 30460 samples, lengthbytes 6144
[LOG] SystemI::createSample                    :     channels = 2
[LOG] SystemI::createSample                    :     output = 000000003675B048
[LOG] OutputSoftware::createSample             :     lengthpcm 30460, lengthbytes 6144, channels 2, format 2, freq 48000, mode 0a01020a
[LOG] SystemI::createSoundInternal             :     done.  OpenState now = FMOD_OPENSTATE_READY.

[LOG] AsyncThread::threadFunc                  : Finished Asynchronous operation on sound 0000000044C07FD8
[LOG] AsyncThread::threadFunc                  : Starting Asynchronous operation on sound 0000000037F291F8
[LOG] SystemI::createSoundInternal             :     filename = ./..\FMOD\ClassPrj\Build\Desktop\Bank_SFX.bank : mode 0a010202
[LOG] SystemI::createSoundInternal             :     exinfo->cbsize             = 216
[LOG] SystemI::createSoundInternal             :     exinfo->length             = 1200736
[LOG] SystemI::createSoundInternal             :     exinfo->fileoffset         = 43008
[LOG] SystemI::createSoundInternal             :     exinfo->numsubsounds       = 1
[LOG] SystemI::createSoundInternal             :     exinfo->inclusionlist      = 000000003801C888
[LOG] SystemI::createSoundInternal             :     exinfo->inclusionlistnum   = 1
[LOG] SystemI::createSoundInternal             :     exinfo->suggestedsoundtype = 5
[LOG] SystemI::createSoundInternal             :     exinfo->initialseekpostype = 1
[LOG] SystemI::createSoundInternal             :     Format has 1 subsounds.
[LOG] SystemI::createSoundInternal             :     Create as FMOD_CREATESAMPLE
[LOG] SystemI::createSoundInternal             :     Multi-sample sound (1 subsounds), create a sample container.
[LOG] SystemI::createSoundInternal             :     creating subsound 0/1
[LOG] SystemI::createSample                    :     mode 0a010202 length 28800 samples, lengthbytes 5408
[LOG] SystemI::createSample                    :     channels = 2
[LOG] SystemI::createSample                    :     output = 000000003675B048
[LOG] OutputSoftware::createSample             :     lengthpcm 28800, lengthbytes 5408, channels 2, format 2, freq 48000, mode 0a01020a
[LOG] SystemI::createSoundInternal             :     done.  OpenState now = FMOD_OPENSTATE_READY.

[LOG] AsyncThread::threadFunc                  : Finished Asynchronous operation on sound 0000000037F291F8
[LOG] SoundI::release                          : (null) (00000000366666B8)
[LOG] SoundI::release                          : release subsounds. (00000000366666B8)
[LOG] SoundI::release                          :     (null) (0000000044C115A8)
[LOG] SoundI::release                          : release codec. (00000000366666B8)
[LOG] SoundI::release                          : (null) (000000003801CD28)
[LOG] SoundI::release                          : release subsounds. (000000003801CD28)
[LOG] SoundI::release                          :     (null) (0000000044C06B88)
[LOG] SoundI::release                          : release codec. (000000003801CD28)
[LOG] SoundI::release                          : (null) (0000000044C10E28)
[LOG] SoundI::release                          : release subsounds. (0000000044C10E28)
[LOG] SoundI::release                          :     (null) (0000000037F29A58)
[LOG] SoundI::release                          : release codec. (0000000044C10E28)
[LOG] SoundI::release                          : (null) (0000000037F015B8)
[LOG] SoundI::release                          : release subsounds. (0000000037F015B8)
[LOG] SoundI::release                          :     (null) (0000000044C011E8)
[LOG] SoundI::release                          : release codec. (0000000037F015B8)
[LOG] SoundI::release                          : (null) (0000000044C11418)
[LOG] SoundI::release                          : release subsounds. (0000000044C11418)
[LOG] SoundI::release                          :     (null) (0000000038014B28)
[LOG] SoundI::release                          : release codec. (0000000044C11418)
[LOG] SoundI::release                          : (null) (0000000044C10FB8)
[LOG] SoundI::release                          : release subsounds. (0000000044C10FB8)
[LOG] SoundI::release                          :     (null) (0000000038014E48)
[LOG] SoundI::release                          : release codec. (0000000044C10FB8)
[LOG] SoundI::release                          : (null) (0000000037F29068)
[LOG] SoundI::release                          : release subsounds. (0000000037F29068)
[LOG] SoundI::release                          :     (null) (0000000038014FD8)
[LOG] SoundI::release                          : release codec. (0000000037F29068)
[LOG] SoundI::release                          : (null) (0000000044C06868)
[LOG] SoundI::release                          : release subsounds. (0000000044C06868)
[LOG] SoundI::release                          :     (null) (0000000038014CB8)
[LOG] SoundI::release                          : release codec. (0000000044C06868)
[LOG] SoundI::release                          : (null) (0000000044C069F8)
[LOG] SoundI::release                          : release subsounds. (0000000044C069F8)
[LOG] SoundI::release                          :     (null) (0000000038015168)
[LOG] SoundI::release                          : release codec. (0000000044C069F8)
[LOG] SoundI::release                          : (null) (0000000044C07FD8)
[LOG] SoundI::release                          : release subsounds. (0000000044C07FD8)
[LOG] SoundI::release                          :     (null) (00000000380152F8)
[LOG] SoundI::release                          : release codec. (0000000044C07FD8)
[LOG] SoundI::release                          : (null) (0000000037F291F8)
[LOG] SoundI::release                          : release subsounds. (0000000037F291F8)
[LOG] SoundI::release                          :     (null) (0000000038015488)
[LOG] SoundI::release                          : release codec. (0000000037F291F8)
[LOG] Manager::readBank                        : fileversion = 68, compatVersion = 68 (oldest = 44, newest = 68)
[LOG] Manager::finishLoadBank                  : Bank with guid {c7bb313f-044f-4da3-84d2-1d939ab3804e} has already been loaded[LOG] Manager::readBank                        : fileversion = 68, compatVersion = 68 (oldest = 44, newest = 68)
[LOG] Manager::finishLoadBank                  : Bank with guid {c7bb313f-044f-4da3-84d2-1d939ab3804e} has already been loaded[LOG] SystemI::createSound                     : filename = ./..\FMOD\ClassPrj\Build\Desktop\Bank_SFX.bank : mode 0a010202
[LOG] SystemI::createSound                     : FMOD_NONBLOCKING specified.  Putting into queue to be opened asynchronously!
[LOG] OutputSoftware::createSample             : lengthpcm 0, lengthbytes 0, channels 0, format 0, freq 0, mode 00000000
[LOG] SystemI::createSound                     : setdata soundi = 0000000038015488 : node = 0000000044C00410
[LOG] SystemI::createSound                     : add node to async list : head = 0000000044C083F0.  list count = 0
[LOG] AsyncThread::threadFunc                  : Starting Asynchronous operation on sound 0000000038015488
[LOG] SystemI::createSound                     : filename = ./..\FMOD\ClassPrj\Build\Desktop\Bank_SFX.bank : mode 0a010202
[LOG] SystemI::createSoundInternal             :     filename = ./..\FMOD\ClassPrj\Build\Desktop\Bank_SFX.bank : mode 0a010202
[LOG] SystemI::createSound                     :     FMOD_NONBLOCKING specified.  Putting into queue to be opened asynchronously!
[LOG] SystemI::createSoundInternal             :     exinfo->cbsize             = 216
[LOG] OutputSoftware::createSample             :     lengthpcm 0, lengthbytes 0, channels 0, format 0, freq 0, mode 00000000
[LOG] SystemI::createSound                     :     setdata soundi = 0000000038014FD8 : node = 0000000044C00690
[LOG] SystemI::createSoundInternal             :     exinfo->fileoffset         = 43008
[LOG] SystemI::createSound                     :     add node to async list : head = 0000000044C083F0.  list count = 0
[LOG] SystemI::createSoundInternal             :     exinfo->numsubsounds       = 1
[LOG] SystemI::createSound                     :     filename = ./..\FMOD\ClassPrj\Build\Desktop\Bank_SFX.bank : mode 0a010202
[LOG] SystemI::createSoundInternal             :     exinfo->inclusionlist      = 0000000044C00518
[LOG] SystemI::createSound                     :     FMOD_NONBLOCKING specified.  Putting into queue to be opened asynchronously!
[LOG] SystemI::createSoundInternal             :     exinfo->inclusionlistnum   = 1
[LOG] OutputSoftware::createSample             :     lengthpcm 0, lengthbytes 0, channels 0, format 0, freq 0, mode 00000000
[LOG] SystemI::createSoundInternal             :     exinfo->suggestedsoundtype = 5
[LOG] SystemI::createSound                     :     setdata soundi = 0000000038014CB8 : node = 0000000044C00550
[LOG] SystemI::createSoundInternal             :     exinfo->initialseekpostype = 1
[LOG] SystemI::createSound                     :     add node to async list : head = 0000000044C083F0.  list count = 1
[LOG] SystemI::createSound                     :     filename = ./..\FMOD\ClassPrj\Build\Desktop\Bank_SFX.bank : mode 0a010202
[LOG] SystemI::createSound                     :     FMOD_NONBLOCKING specified.  Putting into queue to be opened asynchronously!
[LOG] OutputSoftware::createSample             :     lengthpcm 0, lengthbytes 0, channels 0, format 0, freq 0, mode 00000000
[LOG] SystemI::createSound                     :     setdata soundi = 0000000038014998 : node = 0000000044BFFC90
[LOG] SystemI::createSound                     :     add node to async list : head = 0000000044C083F0.  list count = 2
[LOG] SystemI::createSoundInternal             :     Format has 1 subsounds.
[LOG] SystemI::createSound                     :     filename = ./..\FMOD\ClassPrj\Build\Desktop\Bank_SFX.bank : mode 0a010202
[LOG] SystemI::createSoundInternal             :     Create as FMOD_CREATESAMPLE
[LOG] SystemI::createSound                     :     FMOD_NONBLOCKING specified.  Putting into queue to be opened asynchronously!
[LOG] SystemI::createSoundInternal             :     Multi-sample sound (1 subsounds), create a sample container.
[LOG] OutputSoftware::createSample             :     lengthpcm 0, lengthbytes 0, channels 0, format 0, freq 0, mode 00000000
[LOG] SystemI::createSoundInternal             :     creating subsound 0/1
[LOG] SystemI::createSound                     :     setdata soundi = 0000000038014B28 : node = 0000000044C00190
[LOG] SystemI::createSample                    :     mode 0a010202 length 984107 samples, lengthbytes 184576
[LOG] SystemI::createSound                     :     add node to async list : head = 0000000044C083F0.  list count = 3
[LOG] SystemI::createSample                    :     channels = 2
[LOG] SystemI::createSound                     :     filename = ./..\FMOD\ClassPrj\Build\Desktop\Bank_SFX.bank : mode 0a010202
[LOG] SystemI::createSample                    :     output = 000000003675B048
[LOG] SystemI::createSound                     :     FMOD_NONBLOCKING specified.  Putting into queue to be opened asynchronously!
[LOG] OutputSoftware::createSample             :     lengthpcm 984107, lengthbytes 184576, channels 2, format 2, freq 48000, mode 0a01020a
[LOG] OutputSoftware::createSample             :     lengthpcm 0, lengthbytes 0, channels 0, format 0, freq 0, mode 00000000
[LOG] SystemI::createSound                     :     setdata soundi = 0000000038014678 : node = 0000000044C002D0
[LOG] SystemI::createSoundInternal             :     done.  OpenState now = FMOD_OPENSTATE_READY.

[LOG] SystemI::createSound                     :     add node to async list : head = 0000000044C083F0.  list count = 4
[LOG] AsyncThread::threadFunc                  : Finished Asynchronous operation on sound 0000000038015488
[LOG] AsyncThread::threadFunc                  : Starting Asynchronous operation on sound 0000000038014FD8
[LOG] SystemI::createSoundInternal             :     filename = ./..\FMOD\ClassPrj\Build\Desktop\Bank_SFX.bank : mode 0a010202
[LOG] SystemI::createSoundInternal             :     exinfo->cbsize             = 216
[LOG] SystemI::createSoundInternal             :     exinfo->length             = 1200736
[LOG] SystemI::createSoundInternal             :     exinfo->fileoffset         = 43008
[LOG] SystemI::createSoundInternal             :     exinfo->numsubsounds       = 1
[LOG] SystemI::createSoundInternal             :     exinfo->inclusionlist      = 0000000044C00798
[LOG] SystemI::createSoundInternal             :     exinfo->inclusionlistnum   = 1
[LOG] SystemI::createSoundInternal             :     exinfo->suggestedsoundtype = 5
[LOG] SystemI::createSoundInternal             :     exinfo->initialseekpostype = 1
[LOG] SystemI::createSoundInternal             :     Format has 1 subsounds.
[LOG] SystemI::createSoundInternal             :     Create as FMOD_CREATESAMPLE
[LOG] SystemI::createSoundInternal             :     Multi-sample sound (1 subsounds), create a sample container.
[LOG] SystemI::createSoundInternal             :     creating subsound 0/1
[LOG] SystemI::createSample                    :     mode 0a010202 length 647912 samples, lengthbytes 120128
[LOG] SystemI::createSample                    :     channels = 2
[LOG] SystemI::createSample                    :     output = 000000003675B048
[LOG] OutputSoftware::createSample             :     lengthpcm 647912, lengthbytes 120128, channels 2, format 2, freq 48000, mode 0a01020a
[LOG] SystemI::createSoundInternal             :     done.  OpenState now = FMOD_OPENSTATE_READY.

[LOG] AsyncThread::threadFunc                  : Finished Asynchronous operation on sound 0000000038014FD8
[LOG] AsyncThread::threadFunc                  : Starting Asynchronous operation on sound 0000000038014CB8
[LOG] SystemI::createSoundInternal             :     filename = ./..\FMOD\ClassPrj\Build\Desktop\Bank_SFX.bank : mode 0a010202
[LOG] SystemI::createSoundInternal             :     exinfo->cbsize             = 216
[LOG] SystemI::createSoundInternal             :     exinfo->length             = 1200736
[LOG] SystemI::createSoundInternal             :     exinfo->fileoffset         = 43008
[LOG] SystemI::createSoundInternal             :     exinfo->numsubsounds       = 1
[LOG] SystemI::createSoundInternal             :     exinfo->inclusionlist      = 0000000044C00658
[LOG] SystemI::createSoundInternal             :     exinfo->inclusionlistnum   = 1
[LOG] SystemI::createSoundInternal             :     exinfo->suggestedsoundtype = 5
[LOG] SystemI::createSoundInternal             :     exinfo->initialseekpostype = 1
[LOG] SystemI::createSoundInternal             :     Format has 1 subsounds.
[LOG] SystemI::createSoundInternal             :     Create as FMOD_CREATESAMPLE
[LOG] SystemI::createSoundInternal             :     Multi-sample sound (1 subsounds), create a sample container.
[LOG] SystemI::createSoundInternal             :     creating subsound 0/1
[LOG] SystemI::createSample                    :     mode 0a010202 length 908043 samples, lengthbytes 170112
[LOG] SystemI::createSample                    :     channels = 2
[LOG] SystemI::createSample                    :     output = 000000003675B048
[LOG] OutputSoftware::createSample             :     lengthpcm 908043, lengthbytes 170112, channels 2, format 2, freq 48000, mode 0a01020a
[LOG] SystemI::createSoundInternal             :     done.  OpenState now = FMOD_OPENSTATE_READY.

[LOG] AsyncThread::threadFunc                  : Finished Asynchronous operation on sound 0000000038014CB8
[LOG] AsyncThread::threadFunc                  : Starting Asynchronous operation on sound 0000000038014998
[LOG] SystemI::createSoundInternal             :     filename = ./..\FMOD\ClassPrj\Build\Desktop\Bank_SFX.bank : mode 0a010202
[LOG] SystemI::createSoundInternal             :     exinfo->cbsize             = 216
[LOG] SystemI::createSoundInternal             :     exinfo->length             = 1200736
[LOG] SystemI::createSoundInternal             :     exinfo->fileoffset         = 43008
[LOG] SystemI::createSoundInternal             :     exinfo->numsubsounds       = 1
[LOG] SystemI::createSoundInternal             :     exinfo->inclusionlist      = 0000000044BFFD98
[LOG] SystemI::createSoundInternal             :     exinfo->inclusionlistnum   = 1
[LOG] SystemI::createSoundInternal             :     exinfo->suggestedsoundtype = 5
[LOG] SystemI::createSoundInternal             :     exinfo->initialseekpostype = 1
[LOG] SystemI::createSoundInternal             :     Format has 1 subsounds.
[LOG] SystemI::createSoundInternal             :     Create as FMOD_CREATESAMPLE
[LOG] SystemI::createSoundInternal             :     Multi-sample sound (1 subsounds), create a sample container.
[LOG] SystemI::createSoundInternal             :     creating subsound 0/1
[LOG] SystemI::createSample                    :     mode 0a010202 length 850201 samples, lengthbytes 233440
[LOG] SystemI::createSample                    :     channels = 2
[LOG] SystemI::createSample                    :     output = 000000003675B048
[LOG] OutputSoftware::createSample             :     lengthpcm 850201, lengthbytes 233440, channels 2, format 2, freq 48000, mode 0a01020a
[LOG] SystemI::createSoundInternal             :     done.  OpenState now = FMOD_OPENSTATE_READY.

[LOG] AsyncThread::threadFunc                  : Finished Asynchronous operation on sound 0000000038014998
[LOG] AsyncThread::threadFunc                  : Starting Asynchronous operation on sound 0000000038014B28
[LOG] SystemI::createSoundInternal             :     filename = ./..\FMOD\ClassPrj\Build\Desktop\Bank_SFX.bank : mode 0a010202
[LOG] SystemI::createSoundInternal             :     exinfo->cbsize             = 216
[LOG] SystemI::createSoundInternal             :     exinfo->length             = 1200736
[LOG] SystemI::createSoundInternal             :     exinfo->fileoffset         = 43008
[LOG] SystemI::createSoundInternal             :     exinfo->numsubsounds       = 1
[LOG] SystemI::createSoundInternal             :     exinfo->inclusionlist      = 0000000044C00298
[LOG] SystemI::createSoundInternal             :     exinfo->inclusionlistnum   = 1
[LOG] SystemI::createSoundInternal             :     exinfo->suggestedsoundtype = 5
[LOG] SystemI::createSoundInternal             :     exinfo->initialseekpostype = 1
[LOG] SystemI::createSoundInternal             :     Format has 1 subsounds.
[LOG] SystemI::createSoundInternal             :     Create as FMOD_CREATESAMPLE
[LOG] SystemI::createSoundInternal             :     Multi-sample sound (1 subsounds), create a sample container.
[LOG] SystemI::createSoundInternal             :     creating subsound 0/1
[LOG] SystemI::createSample                    :     mode 0a010202 length 176650 samples, lengthbytes 35168
[LOG] SystemI::createSample                    :     channels = 2
[LOG] SystemI::createSample                    :     output = 000000003675B048
[LOG] OutputSoftware::createSample             :     lengthpcm 176650, lengthbytes 35168, channels 2, format 2, freq 48000, mode 0a01020a
[LOG] SystemI::createSoundInternal             :     done.  OpenState now = FMOD_OPENSTATE_READY.

[LOG] AsyncThread::threadFunc                  : Finished Asynchronous operation on sound 0000000038014B28
[LOG] AsyncThread::threadFunc                  : Starting Asynchronous operation on sound 0000000038014678
[LOG] SystemI::createSoundInternal             :     filename = ./..\FMOD\ClassPrj\Build\Desktop\Bank_SFX.bank : mode 0a010202
[LOG] SystemI::createSoundInternal             :     exinfo->cbsize             = 216
[LOG] SystemI::createSoundInternal             :     exinfo->length             = 1200736
[LOG] SystemI::createSoundInternal             :     exinfo->fileoffset         = 43008
[LOG] SystemI::createSoundInternal             :     exinfo->numsubsounds       = 1
[LOG] SystemI::createSoundInternal             :     exinfo->inclusionlist      = 0000000044C003D8
[LOG] SystemI::createSoundInternal             :     exinfo->inclusionlistnum   = 1
[LOG] SystemI::createSoundInternal             :     exinfo->suggestedsoundtype = 5
[LOG] SystemI::createSoundInternal             :     exinfo->initialseekpostype = 1
[LOG] SystemI::createSoundInternal             :     Format has 1 subsounds.
[LOG] SystemI::createSoundInternal             :     Create as FMOD_CREATESAMPLE
[LOG] SystemI::createSoundInternal             :     Multi-sample sound (1 subsounds), create a sample container.
[LOG] SystemI::createSoundInternal             :     creating subsound 0/1
[LOG] SystemI::createSample                    :     mode 0a010202 length 744475 samples, lengthbytes 204480
[LOG] SystemI::createSample                    :     channels = 2
[LOG] SystemI::createSample                    :     output = 000000003675B048
[LOG] OutputSoftware::createSample             :     lengthpcm 744475, lengthbytes 204480, channels 2, format 2, freq 48000, mode 0a01020a
[LOG] SystemI::createSoundInternal             :     done.  OpenState now = FMOD_OPENSTATE_READY.

[LOG] AsyncThread::threadFunc                  : Finished Asynchronous operation on sound 0000000038014678
[LOG] SoundI::release                          : (null) (0000000038015488)
[LOG] SoundI::release                          : release subsounds. (0000000038015488)
[LOG] SoundI::release                          :     (null) (0000000038014E48)
[LOG] SoundI::release                          : release codec. (0000000038015488)
[LOG] SoundI::release                          : (null) (0000000038014FD8)
[LOG] SoundI::release                          : release subsounds. (0000000038014FD8)
[LOG] SoundI::release                          :     (null) (0000000038015168)
[LOG] SoundI::release                          : release codec. (0000000038014FD8)
[LOG] SoundI::release                          : (null) (0000000038014CB8)
[LOG] SoundI::release                          : release subsounds. (0000000038014CB8)
[LOG] SoundI::release                          :     (null) (00000000380152F8)
[LOG] SoundI::release                          : release codec. (0000000038014CB8)
[LOG] SoundI::release                          : (null) (0000000038014B28)
[LOG] SoundI::release                          : release subsounds. (0000000038014B28)
[LOG] SoundI::release                          :     (null) (0000000038012FA8)
[LOG] SoundI::release                          : release codec. (0000000038014B28)
[LOG] SoundI::release                          : (null) (0000000038014678)
[LOG] SoundI::release                          : release subsounds. (0000000038014678)
[LOG] SoundI::release                          :     (null) (0000000038012AF8)
[LOG] SoundI::release                          : release codec. (0000000038014678)
[LOG] SoundI::release                          : (null) (0000000038014998)
[LOG] SoundI::release                          : release subsounds. (0000000038014998)
[LOG] SoundI::release                          :     (null) (0000000038014808)
[LOG] SoundI::release                          : release codec. (0000000038014998)
[LOG] Manager::readBank                        : fileversion = 68, compatVersion = 68 (oldest = 44, newest = 68)
[ERR] FMOD_OS_File_Open                        : GetLastError = 00000020 (filename = ./..\FMOD\ClassPrj\Build\Desktop\Bank_SFX.bank)
[ERR] BankLoader::openBankFile                 : Failed to open file './..\FMOD\ClassPrj\Build\Desktop\Bank_SFX.bank'
[LOG] Manager::readBank                        : fileversion = 68, compatVersion = 68 (oldest = 44, newest = 68)
[LOG] Manager::readBank                        : fileversion = 68, compatVersion = 68 (oldest = 44, newest = 68)
[LOG] Manager::readBank                        : fileversion = 68, compatVersion = 68 (oldest = 44, newest = 68)
[LOG] Manager::readBank                        : fileversion = 68, compatVersion = 68 (oldest = 44, newest = 68)
[LOG] Manager::finishLoadBank                  : Bank with guid {c7bb313f-044f-4da3-84d2-1d939ab3804e} has already been loaded[LOG] Manager::readBank                        : fileversion = 68, compatVersion = 68 (oldest = 44, newest = 68)
[LOG] Manager::readBank                        : fileversion = 68, compatVersion = 68 (oldest = 44, newest = 68)
[LOG] Manager::readBank                        : fileversion = 68, compatVersion = 68 (oldest = 44, newest = 68)
[LOG] Manager::finishLoadBank                  : Bank with guid {c7bb313f-044f-4da3-84d2-1d939ab3804e} has already been loaded[LOG] SystemI::createSound                     : filename = ./..\FMOD\ClassPrj\Build\Desktop\Bank_SFX.bank : mode 0a010202
[LOG] SystemI::createSound                     : FMOD_NONBLOCKING specified.  Putting into queue to be opened asynchronously!
[LOG] OutputSoftware::createSample             : lengthpcm 0, lengthbytes 0, channels 0, format 0, freq 0, mode 00000000
[LOG] SystemI::createSound                     : setdata soundi = 0000000038014678 : node = 0000000037F21FD0
[LOG] SystemI::createSound                     : add node to async list : head = 0000000044C083F0.  list count = 0
[LOG] SystemI::createSound                     : filename = ./..\FMOD\ClassPrj\Build\Desktop\Bank_SFX.bank : mode 0a010202
[LOG] SystemI::createSoundInternal             :     filename = ./..\FMOD\ClassPrj\Build\Desktop\Bank_SFX.bank : mode 0a010202
[LOG] SystemI::createSound                     :     FMOD_NONBLOCKING specified.  Putting into queue to be opened asynchronously!
[LOG] SystemI::createSoundInternal             :     exinfo->cbsize             = 216
[LOG] OutputSoftware::createSample             :     lengthpcm 0, lengthbytes 0, channels 0, format 0, freq 0, mode 00000000
[LOG] SystemI::createSoundInternal             :     exinfo->length             = 1200736
[LOG] SystemI::createSound                     :     setdata soundi = 0000000038014808 : node = 0000000037F224D0
[LOG] SystemI::createSoundInternal             :     exinfo->fileoffset         = 43008
[LOG] SystemI::createSound                     :     add node to async list : head = 0000000044C083F0.  list count = 0
[LOG] SystemI::createSoundInternal             :     exinfo->numsubsounds       = 1
[LOG] SystemI::createSound                     :     filename = ./..\FMOD\ClassPrj\Build\Desktop\Bank_SFX.bank : mode 0a010202
[LOG] SystemI::createSoundInternal             :     exinfo->inclusionlist      = 0000000037F220D8
[LOG] SystemI::createSoundInternal             :     exinfo->inclusionlistnum   = 1
ting into queue to be opened asynchronously!
[LOG] SystemI::createSoundInternal             :     exinfo->suggestedsoundtype = 5
nels 0, format 0, freq 0, mode 00000000
[LOG] SystemI::createSoundInternal             :     exinfo->initialseekpostype = 1
8 : node = 0000000037F22110
[LOG] SystemI::createSound                     :     add node to async list : head = 0000000044C083F0.  list count = 1
[LOG] SystemI::createSound                     :     filename = ./..\FMOD\ClassPrj\Build\Desktop\Bank_SFX.bank : mode 0a010202
[LOG] SystemI::createSound                     :     FMOD_NONBLOCKING specified.  Putting into queue to be opened asynchronously!
[LOG] OutputSoftware::createSample             :     lengthpcm 0, lengthbytes 0, channels 0, format 0, freq 0, mode 00000000
[LOG] SystemI::createSound                     :     setdata soundi = 0000000038015488 : node = 0000000044BF7BE0
[LOG] SystemI::createSoundInternal             :     Format has 1 subsounds.
[LOG] SystemI::createSound                     :     add node to async list : head = 0000000044C083F0.  list count = 2
[LOG] SystemI::createSoundInternal             :     Create as FMOD_CREATESAMPLE
[LOG] SystemI::createSound                     :     filename = ./..\FMOD\ClassPrj\Build\Desktop\Bank_SFX.bank : mode 0a010202
[LOG] SystemI::createSoundInternal             :     Multi-sample sound (1 subsounds), create a sample container.
[LOG] SystemI::createSound                     :     FMOD_NONBLOCKING specified.  Putting into queue to be opened asynchronously!
[LOG] SystemI::createSoundInternal             :     creating subsound 0/1
[LOG] OutputSoftware::createSample             :     lengthpcm 0, lengthbytes 0, channels 0, format 0, freq 0, mode 00000000
[LOG] SystemI::createSample                    :     mode 0a010202 length 984107 samples, lengthbytes 184576
[LOG] SystemI::createSound                     :     setdata soundi = 0000000038014998 : node = 0000000044BF7960
[LOG] SystemI::createSample                    :     channels = 2
[LOG] SystemI::createSound                     :     add node to async list : head = 0000000044C083F0.  list count = 3
[LOG] SystemI::createSample                    :     output = 000000003675B048
[LOG] SystemI::createSound                     :     filename = ./..\FMOD\ClassPrj\Build\Desktop\Bank_SFX.bank : mode 0a010202
[LOG] OutputSoftware::createSample             :     lengthpcm 984107, lengthbytes 184576, channels 2, format 2, freq 48000, mode 0a01020a
[LOG] SystemI::createSound                     :     FMOD_NONBLOCKING specified.  Putting into queue to be opened asynchronously!
[LOG] OutputSoftware::createSample             :     lengthpcm 0, lengthbytes 0, channels 0, format 0, freq 0, mode 00000000
[LOG] SystemI::createSoundInternal             :     done.  OpenState now = FMOD_OPENSTATE_READY.

[LOG] SystemI::createSound                     :     setdata soundi = 00000000380152F8 : node = 0000000044BF8360
[LOG] AsyncThread::threadFunc                  : Finished Asynchronous operation on sound 0000000038014678
[LOG] SystemI::createSound                     : add node to async list : head = 0000000044C083F0.  list count = 4
[LOG] AsyncThread::threadFunc                  : Starting Asynchronous operation on sound 0000000038014808
[LOG] SystemI::createSoundInternal             :     filename = ./..\FMOD\ClassPrj\Build\Desktop\Bank_SFX.bank : mode 0a010202
[LOG] SystemI::createSoundInternal             :     exinfo->cbsize             = 216
[LOG] SystemI::createSoundInternal             :     exinfo->length             = 1200736
[LOG] SystemI::createSoundInternal             :     exinfo->fileoffset         = 43008
[LOG] SystemI::createSoundInternal             :     exinfo->numsubsounds       = 1
[LOG] SystemI::createSoundInternal             :     exinfo->inclusionlist      = 0000000037F225D8
[LOG] SystemI::createSoundInternal             :     exinfo->inclusionlistnum   = 1
[LOG] SystemI::createSoundInternal             :     exinfo->suggestedsoundtype = 5
[LOG] SystemI::createSoundInternal             :     exinfo->initialseekpostype = 1
[LOG] SystemI::createSoundInternal             :     Format has 1 subsounds.
[LOG] SystemI::createSoundInternal             :     Create as FMOD_CREATESAMPLE
[LOG] SystemI::createSoundInternal             :     Multi-sample sound (1 subsounds), create a sample container.
[LOG] SystemI::createSoundInternal             :     creating subsound 0/1
[LOG] SystemI::createSample                    :     mode 0a010202 length 647912 samples, lengthbytes 120128
[LOG] SystemI::createSample                    :     channels = 2
[LOG] SystemI::createSample                    :     output = 000000003675B048
[LOG] OutputSoftware::createSample             :     lengthpcm 647912, lengthbytes 120128, channels 2, format 2, freq 48000, mode 0a01020a
[LOG] SystemI::createSoundInternal             :     done.  OpenState now = FMOD_OPENSTATE_READY.

[LOG] AsyncThread::threadFunc                  : Finished Asynchronous operation on sound 0000000038014808
[LOG] AsyncThread::threadFunc                  : Starting Asynchronous operation on sound 0000000038014CB8
[LOG] SystemI::createSoundInternal             :     filename = ./..\FMOD\ClassPrj\Build\Desktop\Bank_SFX.bank : mode 0a010202
[LOG] SystemI::createSoundInternal             :     exinfo->cbsize             = 216
[LOG] SystemI::createSoundInternal             :     exinfo->length             = 1200736
[LOG] SystemI::createSoundInternal             :     exinfo->fileoffset         = 43008
[LOG] SystemI::createSoundInternal             :     exinfo->numsubsounds       = 1
[LOG] SystemI::createSoundInternal             :     exinfo->inclusionlist      = 0000000037F22218
[LOG] SystemI::createSoundInternal             :     exinfo->inclusionlistnum   = 1
[LOG] SystemI::createSoundInternal             :     exinfo->suggestedsoundtype = 5
[LOG] SystemI::createSoundInternal             :     exinfo->initialseekpostype = 1
[LOG] SystemI::createSoundInternal             :     Format has 1 subsounds.
[LOG] SystemI::createSoundInternal             :     Create as FMOD_CREATESAMPLE
[LOG] SystemI::createSoundInternal             :     Multi-sample sound (1 subsounds), create a sample container.
[LOG] SystemI::createSoundInternal             :     creating subsound 0/1
[LOG] SystemI::createSample                    :     mode 0a010202 length 908043 samples, lengthbytes 170112
[LOG] SystemI::createSample                    :     channels = 2
[LOG] SystemI::createSample                    :     output = 000000003675B048
[LOG] OutputSoftware::createSample             :     lengthpcm 908043, lengthbytes 170112, channels 2, format 2, freq 48000, mode 0a01020a
[LOG] SystemI::createSoundInternal             :     done.  OpenState now = FMOD_OPENSTATE_READY.

[LOG] AsyncThread::threadFunc                  : Finished Asynchronous operation on sound 0000000038014CB8
[LOG] AsyncThread::threadFunc                  : Starting Asynchronous operation on sound 0000000038015488
[LOG] SystemI::createSoundInternal             :     filename = ./..\FMOD\ClassPrj\Build\Desktop\Bank_SFX.bank : mode 0a010202
[LOG] SystemI::createSoundInternal             :     exinfo->cbsize             = 216
[LOG] SystemI::createSoundInternal             :     exinfo->length             = 1200736
[LOG] SystemI::createSoundInternal             :     exinfo->fileoffset         = 43008
[LOG] SystemI::createSoundInternal             :     exinfo->numsubsounds       = 1
[LOG] SystemI::createSoundInternal             :     exinfo->inclusionlist      = 0000000044BF7CE8
[LOG] SystemI::createSoundInternal             :     exinfo->inclusionlistnum   = 1
[LOG] SystemI::createSoundInternal             :     exinfo->suggestedsoundtype = 5
[LOG] SystemI::createSoundInternal             :     exinfo->initialseekpostype = 1
[LOG] SystemI::createSoundInternal             :     Format has 1 subsounds.
[LOG] SystemI::createSoundInternal             :     Create as FMOD_CREATESAMPLE
[LOG] SystemI::createSoundInternal             :     Multi-sample sound (1 subsounds), create a sample container.
[LOG] SystemI::createSoundInternal             :     creating subsound 0/1
[LOG] SystemI::createSample                    :     mode 0a010202 length 850201 samples, lengthbytes 233440
[LOG] SystemI::createSample                    :     channels = 2
[LOG] SystemI::createSample                    :     output = 000000003675B048
[LOG] OutputSoftware::createSample             :     lengthpcm 850201, lengthbytes 233440, channels 2, format 2, freq 48000, mode 0a01020a
[LOG] SystemI::createSoundInternal             :     done.  OpenState now = FMOD_OPENSTATE_READY.

[LOG] AsyncThread::threadFunc                  : Finished Asynchronous operation on sound 0000000038015488
[LOG] AsyncThread::threadFunc                  : Starting Asynchronous operation on sound 0000000038014998
[LOG] SystemI::createSoundInternal             :     filename = ./..\FMOD\ClassPrj\Build\Desktop\Bank_SFX.bank : mode 0a010202
[LOG] SystemI::createSoundInternal             :     exinfo->cbsize             = 216
[LOG] SystemI::createSoundInternal             :     exinfo->length             = 1200736
[LOG] SystemI::createSoundInternal             :     exinfo->fileoffset         = 43008
[LOG] SystemI::createSoundInternal             :     exinfo->numsubsounds       = 1
[LOG] SystemI::createSoundInternal             :     exinfo->inclusionlist      = 0000000044BF7A68
[LOG] SystemI::createSoundInternal             :     exinfo->inclusionlistnum   = 1
[LOG] SystemI::createSoundInternal             :     exinfo->suggestedsoundtype = 5
[LOG] SystemI::createSoundInternal             :     exinfo->initialseekpostype = 1
[LOG] SystemI::createSoundInternal             :     Format has 1 subsounds.
[LOG] SystemI::createSoundInternal             :     Create as FMOD_CREATESAMPLE
[LOG] SystemI::createSoundInternal             :     Multi-sample sound (1 subsounds), create a sample container.
[LOG] SystemI::createSoundInternal             :     creating subsound 0/1
[LOG] SystemI::createSample                    :     mode 0a010202 length 176650 samples, lengthbytes 35168
[LOG] SystemI::createSample                    :     channels = 2
[LOG] SystemI::createSample                    :     output = 000000003675B048
[LOG] OutputSoftware::createSample             :     lengthpcm 176650, lengthbytes 35168, channels 2, format 2, freq 48000, mode 0a01020a
[LOG] SystemI::createSoundInternal             :     done.  OpenState now = FMOD_OPENSTATE_READY.

[LOG] AsyncThread::threadFunc                  : Finished Asynchronous operation on sound 0000000038014998
[LOG] AsyncThread::threadFunc                  : Starting Asynchronous operation on sound 00000000380152F8
[LOG] SystemI::createSoundInternal             :     filename = ./..\FMOD\ClassPrj\Build\Desktop\Bank_SFX.bank : mode 0a010202
[LOG] SystemI::createSoundInternal             :     exinfo->cbsize             = 216
[LOG] SystemI::createSoundInternal             :     exinfo->length             = 1200736
[LOG] SystemI::createSoundInternal             :     exinfo->fileoffset         = 43008
[LOG] SystemI::createSoundInternal             :     exinfo->numsubsounds       = 1
[LOG] SystemI::createSoundInternal             :     exinfo->inclusionlist      = 0000000044BF8468
[LOG] SystemI::createSoundInternal             :     exinfo->inclusionlistnum   = 1
[LOG] SystemI::createSoundInternal             :     exinfo->suggestedsoundtype = 5
[LOG] SystemI::createSoundInternal             :     exinfo->initialseekpostype = 1
[LOG] SystemI::createSoundInternal             :     Format has 1 subsounds.
[LOG] SystemI::createSoundInternal             :     Create as FMOD_CREATESAMPLE
[LOG] SystemI::createSoundInternal             :     Multi-sample sound (1 subsounds), create a sample container.
[LOG] SystemI::createSoundInternal             :     creating subsound 0/1
[LOG] SystemI::createSample                    :     mode 0a010202 length 744475 samples, lengthbytes 204480
[LOG] SystemI::createSample                    :     channels = 2
[LOG] SystemI::createSample                    :     output = 000000003675B048
[LOG] OutputSoftware::createSample             :     lengthpcm 744475, lengthbytes 204480, channels 2, format 2, freq 48000, mode 0a01020a
[LOG] SystemI::createSoundInternal             :     done.  OpenState now = FMOD_OPENSTATE_READY.

[LOG] AsyncThread::threadFunc                  : Finished Asynchronous operation on sound 00000000380152F8
[LOG] SoundI::release                          : (null) (0000000038014678)
[LOG] SoundI::release                          : release subsounds. (0000000038014678)
[LOG] SoundI::release                          :     (null) (0000000038014B28)
[LOG] SoundI::release                          : release codec. (0000000038014678)
[LOG] SoundI::release                          : (null) (0000000038014808)
[LOG] SoundI::release                          : release subsounds. (0000000038014808)
[LOG] SoundI::release                          :     (null) (0000000038014E48)
[LOG] SoundI::release                          : release codec. (0000000038014808)
[LOG] SoundI::release                          : (null) (0000000038014CB8)
[LOG] SoundI::release                          : release subsounds. (0000000038014CB8)
[LOG] SoundI::release                          :     (null) (0000000038014FD8)
[LOG] SoundI::release                          : release codec. (0000000038014CB8)
[LOG] SoundI::release                          : (null) (0000000038014998)
[LOG] SoundI::release                          : release subsounds. (0000000038014998)
[LOG] SoundI::release                          :     (null) (0000000037F26638)
[LOG] SoundI::release                          : release codec. (0000000038014998)
[LOG] SoundI::release                          : (null) (00000000380152F8)
[LOG] SoundI::release                          : release subsounds. (00000000380152F8)
[LOG] SoundI::release                          :     (null) (0000000037F27A88)
[LOG] SoundI::release                          : release codec. (00000000380152F8)
[LOG] SoundI::release                          : (null) (0000000038015488)
[LOG] SoundI::release                          : release subsounds. (0000000038015488)
[LOG] SoundI::release                          :     (null) (0000000038015168)
[LOG] SoundI::release                          : release codec. (0000000038015488)
